Log file open, 01/06/18 17:24:59
LogWindows: Failed to load 'aqProf.dll' (GetLastError=126)
LogWindows: File 'aqProf.dll' does not exist
LogWindows: Failed to load 'VtuneApi.dll' (GetLastError=126)
LogWindows: File 'VtuneApi.dll' does not exist
LogWindows: Failed to load 'VtuneApi32e.dll' (GetLastError=126)
LogWindows: File 'VtuneApi32e.dll' does not exist
LogInit: Display: Running engine for game: MenuGame
LogPlatformFile: Not using cached read wrapper
LogInit: Display: RandInit(-635672671) SRandInit(-635672671).
LogInit: Read version file with build ID '3709383'
LogInit: Overriding engine version to CL 3794801, compatible CL 3709383
LogInit: Registered custom module enumerator with build ID '3709383'
LogTaskGraph: Started task graph with 5 named threads and 20 total threads with 3 sets of task threads.
LogStats: Stats thread started at 0.235377
LogD3D11RHI: Aftermath initialized
LogModuleManager: Display: Found up-to-date module file ../../../Engine/Plugins/2D/Paper2D/Binaries/Win64/UE4Editor-Paper2D.dll (API version 3709383).
LogModuleManager: Display: Found up-to-date module file ../../../Engine/Plugins/2D/Paper2D/Binaries/Win64/UE4Editor-Paper2DEditor.dll (API version 3709383).
LogModuleManager: Display: Found up-to-date module file ../../../Engine/Plugins/2D/Paper2D/Binaries/Win64/UE4Editor-PaperSpriteSheetImporter.dll (API version 3709383).
LogModuleManager: Display: Found up-to-date module file ../../../Engine/Plugins/2D/Paper2D/Binaries/Win64/UE4Editor-PaperTiledImporter.dll (API version 3709383).
LogModuleManager: Display: Found up-to-date module file ../../../Engine/Plugins/2D/Paper2D/Binaries/Win64/UE4Editor-SmartSnapping.dll (API version 3709383).
LogModuleManager: Display: Found up-to-date module file ../../../Engine/Plugins/Blendables/LightPropagationVolume/Binaries/Win64/UE4Editor-LightPropagationVolumeRuntime.dll (API version 3709383).
LogModuleManager: Display: Found up-to-date module file ../../../Engine/Plugins/Blendables/LightPropagationVolume/Binaries/Win64/UE4Editor-LightPropagationVolumeEditor.dll (API version 3709383).
LogModuleManager: Display: Found up-to-date module file ../../../Engine/Plugins/Developer/GitSourceControl/Binaries/Win64/UE4Editor-GitSourceControl.dll (API version 3709383).
LogModuleManager: Display: Found up-to-date module file ../../../Engine/Plugins/Developer/PerforceSourceControl/Binaries/Win64/UE4Editor-PerforceSourceControl.dll (API version 3709383).
LogModuleManager: Display: Found up-to-date module file ../../../Engine/Plugins/Developer/SubversionSourceControl/Binaries/Win64/UE4Editor-SubversionSourceControl.dll (API version 3709383).
LogModuleManager: Display: Found up-to-date module file ../../../Engine/Plugins/Developer/UObjectPlugin/Binaries/Win64/UE4Editor-UObjectPlugin.dll (API version 3709383).
LogModuleManager: Display: Found up-to-date module file ../../../Engine/Plugins/Developer/VisualStudioCodeSourceCodeAccess/Binaries/Win64/UE4Editor-VisualStudioCodeSourceCodeAccess.dll (API version 3709383).
LogModuleManager: Display: Found up-to-date module file ../../../Engine/Plugins/Developer/VisualStudioSourceCodeAccess/Binaries/Win64/UE4Editor-VisualStudioSourceCodeAccess.dll (API version 3709383).
LogModuleManager: Display: Found up-to-date module file ../../../Engine/Plugins/Editor/AssetManagerEditor/Binaries/Win64/UE4Editor-AssetManagerEditor.dll (API version 3709383).
LogModuleManager: Display: Found up-to-date module file ../../../Engine/Plugins/Editor/AudioCapture/Binaries/Win64/UE4Editor-AudioCapture.dll (API version 3709383).
LogModuleManager: Display: Found up-to-date module file ../../../Engine/Plugins/Editor/FacialAnimation/Binaries/Win64/UE4Editor-FacialAnimation.dll (API version 3709383).
LogModuleManager: Display: Found up-to-date module file ../../../Engine/Plugins/Editor/FacialAnimation/Binaries/Win64/UE4Editor-FacialAnimationEditor.dll (API version 3709383).
LogModuleManager: Display: Found up-to-date module file ../../../Engine/Plugins/Editor/GameplayTagsEditor/Binaries/Win64/UE4Editor-GameplayTagsEditor.dll (API version 3709383).
LogModuleManager: Display: Found up-to-date module file ../../../Engine/Plugins/Editor/MobileLauncherProfileWizard/Binaries/Win64/UE4Editor-MobileLauncherProfileWizard.dll (API version 3709383).
LogModuleManager: Display: Found up-to-date module file ../../../Engine/Plugins/Editor/PluginBrowser/Binaries/Win64/UE4Editor-PluginBrowser.dll (API version 3709383).
LogModuleManager: Display: Found up-to-date module file ../../../Engine/Plugins/Editor/SpeedTreeImporter/Binaries/Win64/UE4Editor-SpeedTreeImporter.dll (API version 3709383).
LogModuleManager: Display: Found up-to-date module file ../../../Engine/Plugins/Experimental/AlembicImporter/Binaries/Win64/UE4Editor-AlembicImporter.dll (API version 3709383).
LogModuleManager: Display: Found up-to-date module file ../../../Engine/Plugins/Experimental/AlembicImporter/Binaries/Win64/UE4Editor-AlembicLibrary.dll (API version 3709383).
LogModuleManager: Display: Found up-to-date module file ../../../Engine/Plugins/Experimental/CharacterAI/Binaries/Win64/UE4Editor-CharacterAI.dll (API version 3709383).
LogModuleManager: Display: Found up-to-date module file ../../../Engine/Plugins/Experimental/HTML5Networking/Binaries/Win64/UE4Editor-HTML5Networking.dll (API version 3709383).
LogModuleManager: Display: Found up-to-date module file ../../../Engine/Plugins/Media/AndroidMedia/Binaries/Win64/UE4Editor-AndroidMediaEditor.dll (API version 3709383).
LogModuleManager: Display: Found up-to-date module file ../../../Engine/Plugins/Media/AndroidMedia/Binaries/Win64/UE4Editor-AndroidMediaFactory.dll (API version 3709383).
LogModuleManager: Display: Found up-to-date module file ../../../Engine/Plugins/Media/AvfMedia/Binaries/Win64/UE4Editor-AvfMediaEditor.dll (API version 3709383).
LogModuleManager: Display: Found up-to-date module file ../../../Engine/Plugins/Media/AvfMedia/Binaries/Win64/UE4Editor-AvfMediaFactory.dll (API version 3709383).
LogModuleManager: Display: Found up-to-date module file ../../../Engine/Plugins/Media/AvfMedia/Binaries/Win64/UE4Editor-AvfMediaFactory.dll (API version 3709383).
LogModuleManager: Display: Found up-to-date module file ../../../Engine/Plugins/Media/ImgMedia/Binaries/Win64/UE4Editor-ImgMedia.dll (API version 3709383).
LogModuleManager: Display: Found up-to-date module file ../../../Engine/Plugins/Media/ImgMedia/Binaries/Win64/UE4Editor-ImgMediaEditor.dll (API version 3709383).
LogModuleManager: Display: Found up-to-date module file ../../../Engine/Plugins/Media/ImgMedia/Binaries/Win64/UE4Editor-ImgMediaFactory.dll (API version 3709383).
LogModuleManager: Display: Found up-to-date module file ../../../Engine/Plugins/Media/ImgMedia/Binaries/Win64/UE4Editor-ImgMediaFactory.dll (API version 3709383).
LogModuleManager: Display: Found up-to-date module file ../../../Engine/Plugins/Media/ImgMedia/Binaries/Win64/UE4Editor-OpenExrWrapper.dll (API version 3709383).
LogModuleManager: Display: Found up-to-date module file ../../../Engine/Plugins/Media/MediaCompositing/Binaries/Win64/UE4Editor-MediaCompositing.dll (API version 3709383).
LogModuleManager: Display: Found up-to-date module file ../../../Engine/Plugins/Media/MediaCompositing/Binaries/Win64/UE4Editor-MediaCompositingEditor.dll (API version 3709383).
LogModuleManager: Display: Found up-to-date module file ../../../Engine/Plugins/Media/MediaPlayerEditor/Binaries/Win64/UE4Editor-MediaPlayerEditor.dll (API version 3709383).
LogModuleManager: Display: Found up-to-date module file ../../../Engine/Plugins/Media/WmfMedia/Binaries/Win64/UE4Editor-WmfMedia.dll (API version 3709383).
LogModuleManager: Display: Found up-to-date module file ../../../Engine/Plugins/Media/WmfMedia/Binaries/Win64/UE4Editor-WmfMediaEditor.dll (API version 3709383).
LogModuleManager: Display: Found up-to-date module file ../../../Engine/Plugins/Media/WmfMedia/Binaries/Win64/UE4Editor-WmfMediaFactory.dll (API version 3709383).
LogModuleManager: Display: Found up-to-date module file ../../../Engine/Plugins/Media/WmfMedia/Binaries/Win64/UE4Editor-WmfMediaFactory.dll (API version 3709383).
LogModuleManager: Display: Found up-to-date module file ../../../Engine/Plugins/Messaging/TcpMessaging/Binaries/Win64/UE4Editor-TcpMessaging.dll (API version 3709383).
LogModuleManager: Display: Found up-to-date module file ../../../Engine/Plugins/Messaging/UdpMessaging/Binaries/Win64/UE4Editor-UdpMessaging.dll (API version 3709383).
LogModuleManager: Display: Found up-to-date module file ../../../Engine/Plugins/MovieScene/ActorSequence/Binaries/Win64/UE4Editor-ActorSequence.dll (API version 3709383).
LogModuleManager: Display: Found up-to-date module file ../../../Engine/Plugins/MovieScene/LevelSequenceEditor/Binaries/Win64/UE4Editor-LevelSequenceEditor.dll (API version 3709383).
LogModuleManager: Display: Found up-to-date module file ../../../Engine/Plugins/MovieScene/MatineeToLevelSequence/Binaries/Win64/UE4Editor-MatineeToLevelSequence.dll (API version 3709383).
LogModuleManager: Display: Found up-to-date module file ../../../Engine/Plugins/Online/OnlineSubsystem/Binaries/Win64/UE4Editor-OnlineSubsystem.dll (API version 3709383).
LogModuleManager: Display: Found up-to-date module file ../../../Engine/Plugins/Runtime/AndroidPermission/Binaries/Win64/UE4Editor-AndroidPermission.dll (API version 3709383).
LogModuleManager: Display: Found up-to-date module file ../../../Engine/Plugins/Online/OnlineSubsystemNull/Binaries/Win64/UE4Editor-OnlineSubsystemNull.dll (API version 3709383).
LogModuleManager: Display: Found up-to-date module file ../../../Engine/Plugins/Online/OnlineSubsystemUtils/Binaries/Win64/UE4Editor-OnlineSubsystemUtils.dll (API version 3709383).
LogModuleManager: Display: Found up-to-date module file ../../../Engine/Plugins/Online/OnlineSubsystemUtils/Binaries/Win64/UE4Editor-OnlineBlueprintSupport.dll (API version 3709383).
LogModuleManager: Display: Found up-to-date module file ../../../Engine/Plugins/Runtime/AndroidDeviceProfileSelector/Binaries/Win64/UE4Editor-AndroidDeviceProfileSelector.dll (API version 3709383).
LogModuleManager: Display: Found up-to-date module file ../../../Engine/Plugins/Runtime/AppleARKit/Binaries/Win64/UE4Editor-AppleARKit.dll (API version 3709383).
LogModuleManager: Display: Found up-to-date module file ../../../Engine/Plugins/Runtime/ArchVisCharacter/Binaries/Win64/UE4Editor-ArchVisCharacter.dll (API version 3709383).
LogModuleManager: Display: Found up-to-date module file ../../../Engine/Plugins/Runtime/CableComponent/Binaries/Win64/UE4Editor-CableComponent.dll (API version 3709383).
LogModuleManager: Display: Found up-to-date module file ../../../Engine/Plugins/Runtime/CustomMeshComponent/Binaries/Win64/UE4Editor-CustomMeshComponent.dll (API version 3709383).
LogModuleManager: Display: Found up-to-date module file ../../../Engine/Plugins/Runtime/ExampleDeviceProfileSelector/Binaries/Win64/UE4Editor-ExampleDeviceProfileSelector.dll (API version 3709383).
LogModuleManager: Display: Found up-to-date module file ../../../Engine/Plugins/Runtime/ImmediatePhysics/Binaries/Win64/UE4Editor-ImmediatePhysics.dll (API version 3709383).
LogModuleManager: Display: Found up-to-date module file ../../../Engine/Plugins/Runtime/ImmediatePhysics/Binaries/Win64/UE4Editor-ImmediatePhysicsEditor.dll (API version 3709383).
LogModuleManager: Display: Found up-to-date module file ../../../Engine/Plugins/Runtime/LocationServicesBPLibrary/Binaries/Win64/UE4Editor-LocationServicesBPLibrary.dll (API version 3709383).
LogModuleManager: Display: Found up-to-date module file ../../../Engine/Plugins/Runtime/MobilePatchingUtils/Binaries/Win64/UE4Editor-MobilePatchingUtils.dll (API version 3709383).
LogModuleManager: Display: Found up-to-date module file ../../../Engine/Plugins/Runtime/Oculus/OculusVR/Binaries/Win64/UE4Editor-OculusHMD.dll (API version 3709383).
LogModuleManager: Display: Found up-to-date module file ../../../Engine/Plugins/Runtime/Oculus/OculusVR/Binaries/Win64/UE4Editor-OculusInput.dll (API version 3709383).
LogModuleManager: Display: Found up-to-date module file ../../../Engine/Plugins/Runtime/Oculus/OculusVR/Binaries/Win64/UE4Editor-OculusEditor.dll (API version 3709383).
LogModuleManager: Display: Found up-to-date module file ../../../Engine/Plugins/Runtime/PhysXVehicles/Binaries/Win64/UE4Editor-PhysXVehicles.dll (API version 3709383).
LogModuleManager: Display: Found up-to-date module file ../../../Engine/Plugins/Runtime/PhysXVehicles/Binaries/Win64/UE4Editor-PhysXVehiclesEditor.dll (API version 3709383).
LogModuleManager: Display: Found up-to-date module file ../../../Engine/Plugins/Runtime/ProceduralMeshComponent/Binaries/Win64/UE4Editor-ProceduralMeshComponent.dll (API version 3709383).
LogModuleManager: Display: Found up-to-date module file ../../../Engine/Plugins/Runtime/ProceduralMeshComponent/Binaries/Win64/UE4Editor-ProceduralMeshComponentEditor.dll (API version 3709383).
LogModuleManager: Display: Found up-to-date module file ../../../Engine/Plugins/Runtime/RuntimePhysXCooking/Binaries/Win64/UE4Editor-RuntimePhysXCooking.dll (API version 3709383).
LogModuleManager: Display: Found up-to-date module file ../../../Engine/Plugins/Runtime/Steam/SteamVR/Binaries/Win64/UE4Editor-SteamVR.dll (API version 3709383).
LogModuleManager: Display: Found up-to-date module file ../../../Engine/Plugins/Runtime/Steam/SteamVR/Binaries/Win64/UE4Editor-SteamVRController.dll (API version 3709383).
LogModuleManager: Display: Found up-to-date module file ../../../Engine/Plugins/Runtime/WindowsMoviePlayer/Binaries/Win64/UE4Editor-WindowsMoviePlayer.dll (API version 3709383).
LogPluginManager: Mounting plugin Paper2D
LogPluginManager: Mounting plugin LightPropagationVolume
LogPluginManager: Mounting plugin CodeLiteSourceCodeAccess
LogPluginManager: Mounting plugin GitSourceControl
LogPluginManager: Mounting plugin KDevelopSourceCodeAccess
LogPluginManager: Mounting plugin NullSourceCodeAccess
LogPluginManager: Mounting plugin PerforceSourceControl
LogPluginManager: Mounting plugin SubversionSourceControl
LogPluginManager: Mounting plugin UObjectPlugin
LogPluginManager: Mounting plugin VisualStudioCodeSourceCodeAccess
LogPluginManager: Mounting plugin VisualStudioSourceCodeAccess
LogPluginManager: Mounting plugin XCodeSourceCodeAccess
LogPluginManager: Mounting plugin AssetManagerEditor
LogPluginManager: Mounting plugin AudioCapture
LogPluginManager: Mounting plugin FacialAnimation
LogPluginManager: Mounting plugin GameplayTagsEditor
LogPluginManager: Mounting plugin MobileLauncherProfileWizard
LogPluginManager: Mounting plugin PluginBrowser
LogPluginManager: Mounting plugin SpeedTreeImporter
LogPluginManager: Mounting plugin AlembicImporter
LogPluginManager: Mounting plugin CharacterAI
LogPluginManager: Mounting plugin HTML5Networking
LogPluginManager: Mounting plugin AndroidMedia
LogPluginManager: Mounting plugin AvfMedia
LogPluginManager: Mounting plugin ImgMedia
LogPluginManager: Mounting plugin MediaCompositing
LogPluginManager: Mounting plugin MediaPlayerEditor
LogPluginManager: Mounting plugin WmfMedia
LogPluginManager: Mounting plugin TcpMessaging
LogPluginManager: Mounting plugin UdpMessaging
LogPluginManager: Mounting plugin ActorSequence
LogPluginManager: Mounting plugin LevelSequenceEditor
LogPluginManager: Mounting plugin MatineeToLevelSequence
LogPluginManager: Mounting plugin OnlineSubsystemGooglePlay
LogPluginManager: Mounting plugin OnlineSubsystemIOS
LogPluginManager: Mounting plugin OnlineSubsystem
LogPluginManager: Mounting plugin OnlineSubsystemNull
LogPluginManager: Mounting plugin OnlineSubsystemUtils
LogPluginManager: Mounting plugin AndroidDeviceProfileSelector
LogPluginManager: Mounting plugin AndroidMoviePlayer
LogPluginManager: Mounting plugin AndroidPermission
LogPluginManager: Mounting plugin AppleARKit
LogPluginManager: Mounting plugin AppleMoviePlayer
LogPluginManager: Mounting plugin ArchVisCharacter
LogPluginManager: Mounting plugin CableComponent
LogPluginManager: Mounting plugin CustomMeshComponent
LogPluginManager: Mounting plugin ExampleDeviceProfileSelector
LogPluginManager: Mounting plugin GoogleCloudMessaging
LogPluginManager: Mounting plugin ImmediatePhysics
LogPluginManager: Mounting plugin IOSDeviceProfileSelector
LogPluginManager: Mounting plugin LinuxDeviceProfileSelector
LogPluginManager: Mounting plugin LocationServicesBPLibrary
LogPluginManager: Mounting plugin MobilePatchingUtils
LogPluginManager: Mounting plugin OculusVR
LogPluginManager: Plugin shader directory ../../../Engine/Plugins/Runtime/Oculus/OculusVR/Shaders found
LogPluginManager: Mapping shader source directory ../../../Engine/Plugins/Runtime/Oculus/OculusVR/Shaders to virtual directory /Plugin/OculusVR
LogPluginManager: Mounting plugin PhysXVehicles
LogPluginManager: Mounting plugin ProceduralMeshComponent
LogPluginManager: Mounting plugin RuntimePhysXCooking
LogPluginManager: Mounting plugin SteamVR
LogPluginManager: Mounting plugin WindowsMoviePlayer
LogInit: Using libcurl 7.47.1
LogInit:  - built for x86_64-pc-win32
LogInit:  - supports SSL with OpenSSL/1.0.2g
LogInit:  - supports HTTP deflate (compression) using libz 1.2.8
LogInit:  - other features:
LogInit:      CURL_VERSION_SSL
LogInit:      CURL_VERSION_LIBZ
LogInit:      CURL_VERSION_IPV6
LogInit:      CURL_VERSION_ASYNCHDNS
LogInit:      CURL_VERSION_LARGEFILE
LogInit:      CURL_VERSION_IDN
LogInit:  CurlRequestOptions (configurable via config and command line):
LogInit:  - bVerifyPeer = false  - Libcurl will NOT verify peer certificate
LogInit:  - bUseHttpProxy = false  - Libcurl will NOT use HTTP proxy
LogInit:  - bDontReuseConnections = false  - Libcurl will reuse connections
LogInit:  - CertBundlePath = nullptr  - Libcurl will use whatever was configured at build time.
LogInit: Build: ++UE4+Release-4.18-CL-3794801
LogInit: Engine Version: 4.18.2-3794801+++UE4+Release-4.18
LogInit: Compatible Engine Version: 4.18.0-3709383+++UE4+Release-4.18
LogInit: Net CL: 3709383
LogDevObjectVersion: Number of dev versions registered: 16
LogDevObjectVersion:   Dev-Blueprints (B0D832E4-1F89-4F0D-ACCF-7EB736FD4AA2): 10
LogDevObjectVersion:   Dev-Build (E1C64328-A22C-4D53-A36C-8E866417BD8C): 0
LogDevObjectVersion:   Dev-Core (375EC13C-06E4-48FB-B500-84F0262A717E): 2
LogDevObjectVersion:   Dev-Editor (E4B068ED-F494-42E9-A231-DA0B2E46BB41): 20
LogDevObjectVersion:   Dev-Framework (CFFC743F-43B0-4480-9391-14DF171D2073): 30
LogDevObjectVersion:   Dev-Mobile (B02B49B5-BB20-44E9-A304-32B752E40360): 0
LogDevObjectVersion:   Dev-Networking (A4E4105C-59A1-49B5-A7C5-40C4547EDFEE): 0
LogDevObjectVersion:   Dev-Online (39C831C9-5AE6-47DC-9A44-9C173E1C8E7C): 0
LogDevObjectVersion:   Dev-Physics (78F01B33-EBEA-4F98-B9B4-84EACCB95AA2): 0
LogDevObjectVersion:   Dev-Platform (6631380F-2D4D-43E0-8009-CF276956A95A): 0
LogDevObjectVersion:   Dev-Rendering (12F88B9F-8875-4AFC-A67C-D90C383ABD29): 20
LogDevObjectVersion:   Dev-Sequencer (7B5AE74C-D270-4C10-A958-57980B212A5A): 4
LogDevObjectVersion:   Dev-VR (D7296918-1DD6-4BDD-9DE2-64A83CC13884): 0
LogDevObjectVersion:   Dev-LoadTimes (C2A15278-BFE7-4AFE-6C17-90FF531DF755): 1
LogDevObjectVersion:   Private-Geometry (6EACA3D4-40EC-4CC1-B786-8BED09428FC5): 1
LogDevObjectVersion:   Dev-AnimPhys (29E575DD-E0A3-4627-9D10-D276232CDCEA): 12
LogInit: Compiled (64-bit): Dec  8 2017 02:04:53
LogInit: Compiled with Visual C++: 19.00.24215.01
LogInit: Build Configuration: Development
LogInit: Branch Name: ++UE4+Release-4.18
LogInit: Command line: -EpicPortal 
LogInit: Base directory: C:/Program Files/Epic Games/UE_4.18/Engine/Binaries/Win64/
LogInit: Installed Engine Build: 1
LogInit: Presizing for max 8388607 objects, including 0 objects not considered by GC, pre-allocating 0 bytes for permanent pool.
LogInit: Object subsystem initialized
[2018.01.06-16.25.00:551][  0]LogInit: Selected Device Profile: [Windows]
[2018.01.06-16.25.00:551][  0]LogInit: Applying CVar settings loaded from the selected device profile: [Windows]
[2018.01.06-16.25.00:568][  0]LogInit: Computer: OLI-PC
[2018.01.06-16.25.00:568][  0]LogInit: User: oli
[2018.01.06-16.25.00:568][  0]LogInit: CPU Page size=4096, Cores=6
[2018.01.06-16.25.00:568][  0]LogInit: High frequency timer resolution =3.486571 MHz
[2018.01.06-16.25.00:568][  0]LogMemory: Memory total: Physical=31.9GB (32GB approx)
[2018.01.06-16.25.00:568][  0]LogMemory: Platform Memory Stats for Windows
[2018.01.06-16.25.00:568][  0]LogMemory: Process Physical Memory: 273.48 MB used, 273.48 MB peak
[2018.01.06-16.25.00:569][  0]LogMemory: Process Virtual Memory: 270.39 MB used, 270.39 MB peak
[2018.01.06-16.25.00:569][  0]LogMemory: Physical Memory: 5834.49 MB used,  26843.11 MB free, 32677.61 MB total
[2018.01.06-16.25.00:569][  0]LogMemory: Virtual Memory: 683.31 MB used,  26843.11 MB free, 134217728.00 MB total
[2018.01.06-16.25.00:721][  0]LogInit: Using OS detected language (fr-FR).
[2018.01.06-16.25.00:721][  0]LogInit: Using OS detected locale (fr-CH).
[2018.01.06-16.25.00:724][  0]LogTextLocalizationManager: No localization for 'fr-FR' exists, so 'en' will be used for the language.
[2018.01.06-16.25.00:724][  0]LogTextLocalizationManager: No localization for 'fr-CH' exists, so 'en' will be used for the locale.
[2018.01.06-16.25.01:136][  0]LogInit: Setting process to per monitor DPI aware
[2018.01.06-16.25.01:424][  0]LogD3D11RHI: D3D11 adapters:
[2018.01.06-16.25.01:476][  0]LogD3D11RHI:    0. 'NVIDIA GeForce GTX 1080 Ti' (Feature Level 11_0)
[2018.01.06-16.25.01:476][  0]LogD3D11RHI:       11132/0/16338 MB DedicatedVideo/DedicatedSystem/SharedSystem, Outputs:3, VendorId:0x10de
[2018.01.06-16.25.01:478][  0]LogD3D11RHI:    1. 'Microsoft Basic Render Driver' (Feature Level 11_0)
[2018.01.06-16.25.01:478][  0]LogD3D11RHI:       0/0/16338 MB DedicatedVideo/DedicatedSystem/SharedSystem, Outputs:0, VendorId:0x1414
[2018.01.06-16.25.01:478][  0]LogD3D11RHI: Chosen D3D11 Adapter: 0
[2018.01.06-16.25.01:484][  0]LogD3D11RHI: Creating new Direct3DDevice
[2018.01.06-16.25.01:484][  0]LogD3D11RHI:     GPU DeviceId: 0x1b06 (for the marketing name, search the web for "GPU Device Id")
[2018.01.06-16.25.01:484][  0]LogWindows: EnumDisplayDevices:
[2018.01.06-16.25.01:484][  0]LogWindows:    0. 'NVIDIA GeForce GTX 1080 Ti' (P:1 D:1)
[2018.01.06-16.25.01:484][  0]LogWindows:    1. 'NVIDIA GeForce GTX 1080 Ti' (P:0 D:1)
[2018.01.06-16.25.01:484][  0]LogWindows:    2. 'NVIDIA GeForce GTX 1080 Ti' (P:0 D:1)
[2018.01.06-16.25.01:484][  0]LogWindows:    3. 'NVIDIA GeForce GTX 1080 Ti' (P:0 D:0)
[2018.01.06-16.25.01:484][  0]LogWindows: DebugString: GetVideoDriverDetailsInvalid PrimaryIsNotTheChoosenAdapter GetVideoDriverDetailsInvalid PrimaryIsNotTheChoosenAdapter GetVideoDriverDetailsInvalid PrimaryIsNotTheChoosenAdapter GetVideoDriverDetailsInvalid PrimaryIsNotTheChoosenAdapter FoundDriverCount:0 
[2018.01.06-16.25.01:484][  0]LogD3D11RHI:     Adapter Name: NVIDIA GeForce GTX 1080 Ti
[2018.01.06-16.25.01:484][  0]LogD3D11RHI:   Driver Version: Unknown (internal:Unknown, unified:Unknown)
[2018.01.06-16.25.01:484][  0]LogD3D11RHI:      Driver Date: Unknown
[2018.01.06-16.25.01:484][  0]LogRHI: Texture pool is 7792 MB (70% of 11132 MB)
[2018.01.06-16.25.01:510][  0]LogD3D11RHI: Async texture creation enabled
[2018.01.06-16.25.01:522][  0]LogD3D11RHI: GPU Timing Frequency: 1000.000000 (Debug: 2 1)
[2018.01.06-16.25.01:621][  0]LogShaderCompilers: Guid format shader working directory is 23 characters bigger than the processId version (D:/MenuGame/MenuGame/Intermediate/Shaders/WorkingDirectory/12624/).
[2018.01.06-16.25.01:622][  0]LogShaderCompilers: Cleaned the shader compiler working directory 'C:/Users/oli/AppData/Local/Temp/UnrealShaderWorkingDir/A38915664C60C1DCC39A1199527BCA5A/'.
[2018.01.06-16.25.01:622][  0]LogShaderCompilers: Display: Using Local Shader Compiler.
[2018.01.06-16.25.02:659][  0]LogTemp: Display: Loaded TP AllDesktopTargetPlatform
[2018.01.06-16.25.02:707][  0]LogTemp: Display: Loaded TP MacClientTargetPlatform
[2018.01.06-16.25.02:778][  0]LogTemp: Display: Loaded TP MacNoEditorTargetPlatform
[2018.01.06-16.25.02:829][  0]LogTemp: Display: Loaded TP MacServerTargetPlatform
[2018.01.06-16.25.02:881][  0]LogTemp: Display: Loaded TP MacTargetPlatform
[2018.01.06-16.25.02:941][  0]LogTemp: Display: Loaded TP WindowsClientTargetPlatform
[2018.01.06-16.25.03:011][  0]LogTemp: Display: Loaded TP WindowsNoEditorTargetPlatform
[2018.01.06-16.25.03:068][  0]LogTemp: Display: Loaded TP WindowsServerTargetPlatform
[2018.01.06-16.25.03:118][  0]LogTemp: Display: Loaded TP WindowsTargetPlatform
[2018.01.06-16.25.03:166][  0]LogTemp: Display: Loaded TP Android_ASTCTargetPlatform
[2018.01.06-16.25.03:220][  0]LogTemp: Display: Loaded TP Android_ATCTargetPlatform
[2018.01.06-16.25.03:287][  0]LogTemp: Display: Loaded TP Android_DXTTargetPlatform
[2018.01.06-16.25.03:344][  0]LogTemp: Display: Loaded TP Android_ETC1TargetPlatform
[2018.01.06-16.25.03:398][  0]LogTemp: Display: Loaded TP Android_ETC2TargetPlatform
[2018.01.06-16.25.03:501][  0]LogTemp: Display: Loaded TP Android_MultiTargetPlatform
[2018.01.06-16.25.03:501][  0]LogTemp: Display: Loaded TP Android_PVRTCTargetPlatform
[2018.01.06-16.25.03:549][  0]LogTemp: Display: Loaded TP AndroidTargetPlatform
[2018.01.06-16.25.03:600][  0]LogTemp: Display: Loaded TP HTML5TargetPlatform
[2018.01.06-16.25.03:719][  0]LogTemp: Display: Loaded TP IOSTargetPlatform
[2018.01.06-16.25.03:748][  0]LogTemp: Display: Loaded TP TVOSTargetPlatform
[2018.01.06-16.25.03:799][  0]LogTemp: Display: Loaded TP LinuxClientTargetPlatform
[2018.01.06-16.25.03:859][  0]LogTemp: Display: Loaded TP LinuxNoEditorTargetPlatform
[2018.01.06-16.25.03:925][  0]LogTemp: Display: Loaded TP LinuxServerTargetPlatform
[2018.01.06-16.25.03:976][  0]LogTemp: Display: Loaded TP LinuxTargetPlatform
[2018.01.06-16.25.03:976][  0]LogTargetPlatformManager: Display: Building Assets For Windows
[2018.01.06-16.25.04:501][  0]LogDerivedDataCache: Display: Max Cache Size: 512 MB
[2018.01.06-16.25.04:595][  0]LogDerivedDataCache: Loaded boot cache 0.09s 92MB C:/Users/oli/AppData/Local/UnrealEngine/4.18/DerivedDataCache/Boot.ddc.
[2018.01.06-16.25.04:595][  0]LogDerivedDataCache: Display: Loaded Boot cache: C:/Users/oli/AppData/Local/UnrealEngine/4.18/DerivedDataCache/Boot.ddc
[2018.01.06-16.25.04:596][  0]LogDerivedDataCache: FDerivedDataBackendGraph:  Pak pak cache file D:/MenuGame/MenuGame/DerivedDataCache/DDC.ddp not found, will not use a pak cache.
[2018.01.06-16.25.04:596][  0]LogDerivedDataCache: Unable to find inner node Pak for hierarchical cache Hierarchy.
[2018.01.06-16.25.04:596][  0]LogDerivedDataCache: FDerivedDataBackendGraph:  CompressedPak pak cache file D:/MenuGame/MenuGame/DerivedDataCache/Compressed.ddp not found, will not use a pak cache.
[2018.01.06-16.25.04:596][  0]LogDerivedDataCache: Unable to find inner node CompressedPak for hierarchical cache Hierarchy.
[2018.01.06-16.25.04:617][  0]LogDerivedDataCache: Display: Pak cache opened for reading ../../../Engine/DerivedDataCache/Compressed.ddp.
[2018.01.06-16.25.04:630][  0]LogDerivedDataCache: Using Local data cache path C:/Users/oli/AppData/Local/UnrealEngine/Common/DerivedDataCache: Writable
[2018.01.06-16.25.04:639][  0]LogMaterial: Verifying Global Shaders for PCD3D_SM5
[2018.01.06-16.25.04:639][  0]LogSlate: Using Freetype 2.6.0
[2018.01.06-16.25.04:640][  0]LogSlate: SlateFontCache - WITH_FREETYPE: 1, WITH_HARFBUZZ: 1
[2018.01.06-16.25.04:640][  0]LogSlate: SlateFontCache - WITH_FREETYPE: 1, WITH_HARFBUZZ: 1
[2018.01.06-16.25.05:035][  0]LogInit: Selected Device Profile: [Windows]
[2018.01.06-16.25.05:298][  0]LogSimplygon: Simplygon DLL not present - disabling.
[2018.01.06-16.25.05:337][  0]LogMeshReduction: Using SimplygonSwarm for distributed automatic mesh merging
[2018.01.06-16.25.05:337][  0]LogMeshReduction: Using QuadricMeshReduction for automatic static mesh reduction
[2018.01.06-16.25.05:337][  0]LogMeshReduction: No automatic skeletal mesh reduction module available
[2018.01.06-16.25.05:337][  0]LogMeshReduction: No automatic mesh merging module available
[2018.01.06-16.25.05:337][  0]LogMeshMerging: No automatic mesh merging module available
[2018.01.06-16.25.05:458][  0]LogNetVersion: MenuGame , NetCL: 3709383, EngineNetVer: 2, GameNetVer: 0 (Checksum: 83452605)
[2018.01.06-16.25.05:626][  0]LogAssetRegistry: FAssetRegistry took 0.0259 seconds to start up
[2018.01.06-16.25.06:083][  0]LogPackageLocalizationCache: Processed 7 localized package path(s) for 1 prioritized culture(s) in 0.018499 seconds
[2018.01.06-16.25.06:087][  0]LogUObjectArray: 35900 objects as part of root set at end of initial load.
[2018.01.06-16.25.06:087][  0]LogUObjectAllocator: 7372016 out of 0 bytes used by permanent object pool.
[2018.01.06-16.25.06:087][  0]LogUObjectArray: CloseDisregardForGC: 0/0 objects in disregard for GC pool
[2018.01.06-16.25.06:131][  0]LogInit: WinSock: version 1.1 (2.2), MaxSocks=32767, MaxUdp=65467
[2018.01.06-16.25.08:837][  0]LogTcpMessaging: Initializing TcpMessaging bridge
[2018.01.06-16.25.08:910][  0]LogUdpMessaging: Initializing bridge on interface 0.0.0.0:0 to multicast group 230.0.0.1:6666.
[2018.01.06-16.25.09:638][  0]LogMaterial: Uniform references updated for custom material expression Custom.
[2018.01.06-16.25.10:045][  0]SourceControl: Source control is disabled
[2018.01.06-16.25.10:045][  0]SourceControl: Source control is disabled
[2018.01.06-16.25.10:100][  0]SourceControl: Source control is disabled
[2018.01.06-16.25.10:147][  0]SourceControl: Source control is disabled
[2018.01.06-16.25.10:969][  0]LogAndroidPermission: UAndroidPermissionCallbackProxy::GetInstance
[2018.01.06-16.25.11:272][  0]LogOcInput: OculusInput pre-init called
[2018.01.06-16.25.11:678][  0]LogEngine: Initializing Engine...
[2018.01.06-16.25.11:680][  0]LogHMD: Failed to initialize OpenVR with code 110
[2018.01.06-16.25.11:919][  0]LogStats: UGameplayTagsManager::ConstructGameplayTagTree: Construct from data asset -  0.000 s
[2018.01.06-16.25.11:919][  0]LogStats: UGameplayTagsManager::ConstructGameplayTagTree: GameplayTagTreeChangedEvent.Broadcast -  0.000 s
[2018.01.06-16.25.12:042][  0]LogAIModule: Creating AISystem for world Untitled
[2018.01.06-16.25.12:071][  0]LogInit: XAudio2 using 'Main Output (Komplete Audio 6 WDM Audio)' : 2 channels at 48 kHz using 32 bits per sample (channel mask 0x3)
[2018.01.06-16.25.12:090][  0]LogInit: FAudioDevice initialized.
[2018.01.06-16.25.12:200][  0]LogDerivedDataCache: Saved boot cache 0.11s 92MB C:/Users/oli/AppData/Local/UnrealEngine/4.18/DerivedDataCache/Boot.ddc.
[2018.01.06-16.25.12:221][  0]LogInit: Texture streaming: Enabled
[2018.01.06-16.25.12:322][  0]LogEngineSessionManager: EngineSessionManager initialized
[2018.01.06-16.25.12:456][  0]LogInit: Transaction tracking system initialized
[2018.01.06-16.25.12:768][  0]BlueprintLog: New page: Editor Load
[2018.01.06-16.25.13:866][  0]LocalizationService: Localization service is disabled
[2018.01.06-16.25.14:791][  0]LogConsoleResponse: Display: 
[2018.01.06-16.25.14:982][  0]LogCook: Display: Max memory allowance for cook 16384mb min free memory 0mb
[2018.01.06-16.25.14:982][  0]LogCook: Display: Mobile HDR setting 1
[2018.01.06-16.25.14:982][  0]LogGameplayTags: Display: UGameplayTagsManager::DoneAddingNativeTags. DelegateIsBound: 0
[2018.01.06-16.25.16:022][  0]LogFileCache: Scanning file cache for directory 'D:/MenuGame/MenuGame/Content/' took 0.01s
[2018.01.06-16.25.16:060][  0]SourceControl: Source control is disabled
[2018.01.06-16.25.16:060][  0]Cmd: MAP LOAD FILE="D:/MenuGame/MenuGame/Content/VirtualRealityBP/Maps/StartupMap.umap" TEMPLATE=0 SHOWPROGRESS=1 FEATURELEVEL=3
[2018.01.06-16.25.16:061][  0]LightingResults: New page: Lighting Build
[2018.01.06-16.25.16:096][  0]MapCheck: New page: Map Check
[2018.01.06-16.25.16:096][  0]LightingResults: New page: Lighting Build
[2018.01.06-16.25.16:301][  0]LogAIModule: Creating AISystem for world StartupMap
[2018.01.06-16.25.16:309][  0]LogEditorServer: Finished looking for orphan Actors (0.000 secs)
[2018.01.06-16.25.16:328][  0]Cmd: MAP CHECKDEP NOCLEARLOG
[2018.01.06-16.25.16:374][  0]MapCheck: Map check complete: 0 Error(s), 0 Warning(s), took 45.942ms to complete.
[2018.01.06-16.25.16:374][  0]LogFileHelpers: Loading map 'StartupMap' took 0.314
[2018.01.06-16.25.16:644][  0]LogCollectionManager: Loaded 0 collections in 0.001416 seconds
[2018.01.06-16.25.16:775][  0]LogFileCache: Scanning file cache for directory 'D:/MenuGame/MenuGame/Saved/Collections/' took 0.01s
[2018.01.06-16.25.16:775][  0]LogFileCache: Scanning file cache for directory 'D:/MenuGame/MenuGame/Content/Developers/oli/Collections/' took 0.01s
[2018.01.06-16.25.16:775][  0]LogFileCache: Scanning file cache for directory 'D:/MenuGame/MenuGame/Content/Collections/' took 0.01s
[2018.01.06-16.25.16:776][  0]LogCollectionManager: Rebuilt the GUID cache for 0 collections in 0.000001 seconds
[2018.01.06-16.25.16:784][  0]LogContentBrowser: Native class hierarchy populated in 0.0084 seconds. Added 2363 classes and 519 folders.
[2018.01.06-16.25.16:857][  0]LogContentBrowser: Native class hierarchy updated for 'WidgetCarousel' in 0.0002 seconds. Added 0 classes and 0 folders.
[2018.01.06-16.25.16:894][  0]LogContentBrowser: Native class hierarchy updated for 'AddContentDialog' in 0.0002 seconds. Added 0 classes and 0 folders.
[2018.01.06-16.25.16:936][  0]LogContentBrowser: Native class hierarchy updated for 'SceneOutliner' in 0.0002 seconds. Added 1 classes and 2 folders.
[2018.01.06-16.25.16:995][  0]LogSlate: Took 0.000224 seconds to synchronously load lazily loaded font '../../../Engine/Content/Slate/Fonts/Roboto-Regular.ttf' (155K)
[2018.01.06-16.25.16:997][  0]LogSlate: Took 0.000180 seconds to synchronously load lazily loaded font '../../../Engine/Content/Slate/Fonts/Roboto-Bold.ttf' (160K)
[2018.01.06-16.25.17:002][  0]LogSlate: Took 0.000229 seconds to synchronously load lazily loaded font '../../../Engine/Content/Editor/Slate/Fonts/FontAwesome.ttf' (139K)
[2018.01.06-16.25.17:097][  0]LogRenderer: Reallocating scene render targets to support 1208x560 Format 26 NumSamples 1 (Frame:1).
[2018.01.06-16.25.17:264][  0]LogContentBrowser: Native class hierarchy updated for 'HierarchicalLODOutliner' in 0.0002 seconds. Added 1 classes and 2 folders.
[2018.01.06-16.25.17:264][  0]LogLoad: (Engine Initialization) Total time: 19.05 seconds
[2018.01.06-16.25.17:264][  0]LogLoad: (Engine Initialization) Total Blueprint compile time: 0.00 seconds
[2018.01.06-16.25.17:264][  0]LogExternalProfiler: Found external profiler: VSPerf
[2018.01.06-16.25.17:264][  0]LogExternalProfiler: Using external profiler: VSPerf
[2018.01.06-16.25.17:301][  0]LogAssetRegistry: Asset discovery search completed in 11.6978 seconds
[2018.01.06-16.25.17:302][  0]LogCollectionManager: Rebuilt the object cache for 0 collections in 0.000001 seconds (found 0 objects)
[2018.01.06-16.25.17:302][  0]LogCollectionManager: Fixed up redirectors for 0 collections in 0.000046 seconds (updated 0 objects)
[2018.01.06-16.25.17:305][  0]LogContentStreaming: Texture pool size now 1000 MB
[2018.01.06-16.25.17:340][  0]LogSlate: Took 0.000234 seconds to synchronously load lazily loaded font '../../../Engine/Content/Slate/Fonts/Roboto-Light.ttf' (159K)
[2018.01.06-16.25.39:076][584]LogSlate: Took 0.000144 seconds to synchronously load lazily loaded font '../../../Engine/Content/Slate/Fonts/Roboto-Light.ttf' (159K)
[2018.01.06-16.25.39:584][584]LogAIModule: Creating AISystem for world MotionControllerMap
[2018.01.06-16.25.39:618][584]Cmd: MAP LOAD FILE="D:/MenuGame/MenuGame/Content/VirtualRealityBP/Maps/MotionControllerMap.umap" TEMPLATE=0 SHOWPROGRESS=1 FEATURELEVEL=3
[2018.01.06-16.25.39:618][584]LightingResults: New page: Lighting Build
[2018.01.06-16.25.39:618][584]LoadErrors: New page: Loading map: MotionControllerMap.umap
[2018.01.06-16.25.39:619][584]MapCheck: New page: Map Check
[2018.01.06-16.25.39:619][584]LightingResults: New page: Lighting Build
[2018.01.06-16.25.39:685][584]LogEditorServer: Finished looking for orphan Actors (0.000 secs)
[2018.01.06-16.25.39:715][584]Cmd: MAP CHECKDEP NOCLEARLOG
[2018.01.06-16.25.39:778][584]MapCheck: Map check complete: 0 Error(s), 0 Warning(s), took 63.068ms to complete.
[2018.01.06-16.25.39:778][584]LogFileHelpers: Loading map 'MotionControllerMap' took 0.161
[2018.01.06-16.25.47:935][114]LogLinker: Warning: Can't find file '/Game/VirtualRealityBP/Maps/HMDLocomotionMap_BuiltData'
[2018.01.06-16.25.47:935][114]LogLinker: Warning: Can't find file for asset '/Game/VirtualRealityBP/Maps/HMDLocomotionMap_BuiltData' while loading D:/MenuGame/MenuGame/Content/VirtualRealityBP/Maps/HMDLocomotionMap.umap.
[2018.01.06-16.25.47:935][114]LoadErrors: Error: /Game/VirtualRealityBP/Maps/HMDLocomotionMap : Can't find file for asset. /Game/VirtualRealityBP/Maps/HMDLocomotionMap_BuiltData
[2018.01.06-16.25.47:944][114]LogLinker: Warning: Can't find file '/Game/VirtualRealityBP/Maps/HMDLocomotionMap_BuiltData'
[2018.01.06-16.25.47:944][114]LogLinker: Warning: Can't find file for asset '/Game/VirtualRealityBP/Maps/HMDLocomotionMap_BuiltData' while loading D:/MenuGame/MenuGame/Content/VirtualRealityBP/Maps/HMDLocomotionMap.umap.
[2018.01.06-16.25.47:944][114]LogLinker: Warning: Can't find file '/Game/VirtualRealityBP/Maps/HMDLocomotionMap_BuiltData'
[2018.01.06-16.25.47:945][114]LogLinker: Warning: Can't find file for asset '/Game/VirtualRealityBP/Maps/HMDLocomotionMap_BuiltData' while loading NULL.
[2018.01.06-16.25.47:945][114]LogLinker: Warning: Can't find file '/Game/VirtualRealityBP/Maps/HMDLocomotionMap_BuiltData'
[2018.01.06-16.25.47:945][114]LogLinker: Warning: Can't find file for asset '/Game/VirtualRealityBP/Maps/HMDLocomotionMap_BuiltData' while loading NULL.
[2018.01.06-16.25.47:953][114]LogLinker: Warning: Can't find file '/Game/VirtualRealityBP/Maps/HMDLocomotionMap_BuiltData'
[2018.01.06-16.25.47:953][114]LoadErrors: Failed to load /Game/VirtualRealityBP/Maps/HMDLocomotionMap_BuiltData.HMDLocomotionMap_BuiltData Referenced by PersistentLevel
[2018.01.06-16.25.47:953][114]LogLinker: Warning: Can't find file for asset '/Game/VirtualRealityBP/Maps/HMDLocomotionMap_BuiltData' while loading NULL.
[2018.01.06-16.25.47:985][114]LogAIModule: Creating AISystem for world HMDLocomotionMap
[2018.01.06-16.25.51:520][289]LogAIModule: Creating AISystem for world StartupMap
[2018.01.06-16.25.56:766][559]Cmd: MAP LOAD FILE="D:/MenuGame/MenuGame/Content/VirtualRealityBP/Maps/MotionControllerMap.umap" TEMPLATE=0 SHOWPROGRESS=1 FEATURELEVEL=3
[2018.01.06-16.25.56:766][559]LightingResults: New page: Lighting Build
[2018.01.06-16.25.56:767][559]LoadErrors: New page: Loading map: MotionControllerMap.umap
[2018.01.06-16.25.56:768][559]MapCheck: New page: Map Check
[2018.01.06-16.25.56:768][559]LightingResults: New page: Lighting Build
[2018.01.06-16.25.56:842][559]LogAIModule: Creating AISystem for world MotionControllerMap
[2018.01.06-16.25.56:904][559]LogEditorServer: Finished looking for orphan Actors (0.000 secs)
[2018.01.06-16.25.56:940][559]Cmd: MAP CHECKDEP NOCLEARLOG
[2018.01.06-16.25.57:009][559]MapCheck: Map check complete: 0 Error(s), 0 Warning(s), took 69.115ms to complete.
[2018.01.06-16.25.57:010][559]LogFileHelpers: Loading map 'MotionControllerMap' took 0.244
[2018.01.06-16.26.02:469][185]LogMetaData: Removing '/Game/VirtualRealityBP/Maps/MenuMap.MenuMap_C' ref from Metadata '/Game/VirtualRealityBP/Maps/MotionControllerMap.PackageMetaData'
[2018.01.06-16.26.02:469][185]LogMetaData: Removing '/Game/VirtualRealityBP/Maps/MenuMap.SKEL_MenuMap_C' ref from Metadata '/Game/VirtualRealityBP/Maps/MotionControllerMap.PackageMetaData'
[2018.01.06-16.26.02:559][185]Cmd: OBJ SAVEPACKAGE PACKAGE="/Game/VirtualRealityBP/Maps/MenuMap" FILE="D:/MenuGame/MenuGame/Content/VirtualRealityBP/Maps/MenuMap.umap" SILENT=true AUTOSAVING=false KEEPDIRTY=false
[2018.01.06-16.26.02:888][185]LogSavePackage: Save=302.65ms
[2018.01.06-16.26.02:888][185]LogSavePackage: Moving 'D:/MenuGame/MenuGame/Saved/MenuMap83ABDF87405BA2255A14A69AB7D61EB9.tmp' to 'D:/MenuGame/MenuGame/Content/VirtualRealityBP/Maps/MenuMap.umap'
[2018.01.06-16.26.02:890][185]LogSavePackage: Display: Finished SavePackage D:/MenuGame/MenuGame/Content/VirtualRealityBP/Maps/MenuMap.umap
[2018.01.06-16.26.02:898][185]LogFileHelpers: Saving map 'MenuMap' took 0.399
[2018.01.06-16.26.21:466][383]LogEditorViewport: Clicking on Actor (LMB): StaticMeshActor (EditorCube8)
[2018.01.06-16.26.22:116][450]LogEditorViewport: Clicking on Actor (context menu): StaticMeshActor (EditorCube8)
[2018.01.06-16.26.23:126][555]LogEditorViewport: Clicking on Actor (LMB): StaticMeshActor (EditorCube8)
[2018.01.06-16.26.23:546][603]Cmd: DELETE
[2018.01.06-16.26.23:546][603]Cmd: ACTOR DELETE
[2018.01.06-16.26.23:553][603]LogEditorActor: Deleted Actor: StaticMeshActor
[2018.01.06-16.26.23:573][603]LogEditorActor: Deleted 1 Actors (0.027 secs)
[2018.01.06-16.26.24:118][668]LogEditorViewport: Clicking on Actor (LMB): StaticMeshActor (EditorCube9)
[2018.01.06-16.26.24:203][674]Cmd: DELETE
[2018.01.06-16.26.24:203][674]Cmd: ACTOR DELETE
[2018.01.06-16.26.24:205][674]LogEditorActor: Deleted Actor: StaticMeshActor
[2018.01.06-16.26.24:224][674]LogEditorActor: Deleted 1 Actors (0.021 secs)
[2018.01.06-16.26.24:834][747]LogEditorViewport: Clicking on Actor (LMB): StaticMeshActor (EditorCube10)
[2018.01.06-16.26.24:927][754]Cmd: DELETE
[2018.01.06-16.26.24:927][754]Cmd: ACTOR DELETE
[2018.01.06-16.26.24:929][754]LogEditorActor: Deleted Actor: StaticMeshActor
[2018.01.06-16.26.24:952][754]LogEditorActor: Deleted 1 Actors (0.025 secs)
[2018.01.06-16.26.26:078][884]LogEditorViewport: Clicking on Actor (LMB): StaticMeshActor (EditorCube11)
[2018.01.06-16.26.26:306][906]Cmd: DELETE
[2018.01.06-16.26.26:306][906]Cmd: ACTOR DELETE
[2018.01.06-16.26.26:308][906]LogEditorActor: Deleted Actor: StaticMeshActor
[2018.01.06-16.26.26:325][906]LogEditorActor: Deleted 1 Actors (0.018 secs)
[2018.01.06-16.26.26:761][958]LogEditorViewport: Clicking on Actor (LMB): StaticMeshActor (EditorCube12)
[2018.01.06-16.26.26:845][964]Cmd: DELETE
[2018.01.06-16.26.26:845][964]Cmd: ACTOR DELETE
[2018.01.06-16.26.26:848][964]LogEditorActor: Deleted Actor: StaticMeshActor
[2018.01.06-16.26.26:869][964]LogEditorActor: Deleted 1 Actors (0.024 secs)
[2018.01.06-16.26.27:367][ 24]LogEditorViewport: Clicking on Actor (LMB): StaticMeshActor (EditorCube13)
[2018.01.06-16.26.27:436][ 28]Cmd: DELETE
[2018.01.06-16.26.27:437][ 28]Cmd: ACTOR DELETE
[2018.01.06-16.26.27:439][ 28]LogEditorActor: Deleted Actor: StaticMeshActor
[2018.01.06-16.26.27:459][ 28]LogEditorActor: Deleted 1 Actors (0.022 secs)
[2018.01.06-16.26.27:794][ 68]LogEditorViewport: Clicking on Actor (LMB): StaticMeshActor (EditorCube14)
[2018.01.06-16.26.27:891][ 75]Cmd: DELETE
[2018.01.06-16.26.27:891][ 75]Cmd: ACTOR DELETE
[2018.01.06-16.26.27:897][ 75]LogEditorActor: Deleted Actor: StaticMeshActor
[2018.01.06-16.26.27:917][ 75]LogEditorActor: Deleted 1 Actors (0.026 secs)
[2018.01.06-16.26.28:407][130]Cmd: DELETE
[2018.01.06-16.26.28:407][130]Cmd: ACTOR DELETE
[2018.01.06-16.26.28:409][130]LogEditorActor: Deleted Actor: Brush
[2018.01.06-16.26.28:438][130]LogEditorActor: Deleted 1 Actors (0.031 secs)
[2018.01.06-16.26.29:586][261]Cmd: DELETE
[2018.01.06-16.26.29:586][261]Cmd: ACTOR DELETE
[2018.01.06-16.26.29:588][261]LogEditorActor: Deleted Actor: Brush
[2018.01.06-16.26.29:612][261]LogEditorActor: Deleted 1 Actors (0.026 secs)
[2018.01.06-16.26.30:209][328]Cmd: DELETE
[2018.01.06-16.26.30:209][328]Cmd: ACTOR DELETE
[2018.01.06-16.26.30:211][328]LogEditorActor: Deleted Actor: Brush
[2018.01.06-16.26.30:239][328]LogEditorActor: Deleted 1 Actors (0.030 secs)
[2018.01.06-16.26.30:605][367]Cmd: DELETE
[2018.01.06-16.26.30:605][367]Cmd: ACTOR DELETE
[2018.01.06-16.26.30:611][367]LogEditorActor: Deleted Actor: Brush
[2018.01.06-16.26.30:641][367]LogEditorActor: Deleted 1 Actors (0.036 secs)
[2018.01.06-16.26.31:316][443]Cmd: DELETE
[2018.01.06-16.26.31:316][443]Cmd: ACTOR DELETE
[2018.01.06-16.26.31:318][443]LogEditorActor: Deleted Actor: Brush
[2018.01.06-16.26.31:346][443]LogEditorActor: Deleted 1 Actors (0.031 secs)
[2018.01.06-16.26.32:816][617]LogEditorViewport: Clicking on Actor (LMB): StaticMeshActor (EditorCube17)
[2018.01.06-16.26.32:914][624]Cmd: DELETE
[2018.01.06-16.26.32:914][624]Cmd: ACTOR DELETE
[2018.01.06-16.26.32:917][624]LogEditorActor: Deleted Actor: StaticMeshActor
[2018.01.06-16.26.32:939][624]LogEditorActor: Deleted 1 Actors (0.025 secs)
[2018.01.06-16.26.33:400][679]LogEditorViewport: Clicking on Actor (LMB): StaticMeshActor (EditorCube16)
[2018.01.06-16.26.33:511][688]Cmd: DELETE
[2018.01.06-16.26.33:511][688]Cmd: ACTOR DELETE
[2018.01.06-16.26.33:514][688]LogEditorActor: Deleted Actor: StaticMeshActor
[2018.01.06-16.26.33:535][688]LogEditorActor: Deleted 1 Actors (0.024 secs)
[2018.01.06-16.26.34:091][755]LogEditorViewport: Clicking on Actor (LMB): StaticMeshActor (EditorCube15)
[2018.01.06-16.26.34:418][789]Cmd: DELETE
[2018.01.06-16.26.34:418][789]Cmd: ACTOR DELETE
[2018.01.06-16.26.34:420][789]LogEditorActor: Deleted Actor: StaticMeshActor
[2018.01.06-16.26.34:441][789]LogEditorActor: Deleted 1 Actors (0.023 secs)
[2018.01.06-16.26.35:144][873]LogEditorViewport: Clicking on Actor (LMB): StaticMeshActor (EditorCube21)
[2018.01.06-16.26.35:242][880]Cmd: DELETE
[2018.01.06-16.26.35:242][880]Cmd: ACTOR DELETE
[2018.01.06-16.26.35:244][880]LogEditorActor: Deleted Actor: StaticMeshActor
[2018.01.06-16.26.35:263][880]LogEditorActor: Deleted 1 Actors (0.020 secs)
[2018.01.06-16.26.35:739][937]LogEditorViewport: Clicking on Actor (LMB): StaticMeshActor (EditorCube20)
[2018.01.06-16.26.35:874][949]Cmd: DELETE
[2018.01.06-16.26.35:874][949]Cmd: ACTOR DELETE
[2018.01.06-16.26.35:876][949]LogEditorActor: Deleted Actor: StaticMeshActor
[2018.01.06-16.26.35:895][949]LogEditorActor: Deleted 1 Actors (0.021 secs)
[2018.01.06-16.26.37:107][ 94]LogEditorViewport: Clicking on Actor (LMB): StaticMeshActor (EditorCube19)
[2018.01.06-16.26.37:253][107]Cmd: DELETE
[2018.01.06-16.26.37:253][107]Cmd: ACTOR DELETE
[2018.01.06-16.26.37:255][107]LogEditorActor: Deleted Actor: StaticMeshActor
[2018.01.06-16.26.37:274][107]LogEditorActor: Deleted 1 Actors (0.021 secs)
[2018.01.06-16.26.37:756][165]LogEditorViewport: Clicking on Actor (LMB): StaticMeshActor (EditorCube18)
[2018.01.06-16.26.37:883][176]Cmd: DELETE
[2018.01.06-16.26.37:883][176]Cmd: ACTOR DELETE
[2018.01.06-16.26.37:885][176]LogEditorActor: Deleted Actor: StaticMeshActor
[2018.01.06-16.26.37:904][176]LogEditorActor: Deleted 1 Actors (0.021 secs)
[2018.01.06-16.26.39:735][391]Cmd: DELETE
[2018.01.06-16.26.39:735][391]Cmd: ACTOR DELETE
[2018.01.06-16.26.39:738][391]LogEditorActor: Deleted Actor: Brush
[2018.01.06-16.26.39:763][391]LogEditorActor: Deleted 1 Actors (0.027 secs)
[2018.01.06-16.26.42:868][761]LogEditorViewport: Clicking on Actor (LMB): NavModifierVolume (NavModifierVolume4)
[2018.01.06-16.26.43:475][827]Cmd: DELETE
[2018.01.06-16.26.43:475][827]Cmd: ACTOR DELETE
[2018.01.06-16.26.43:477][827]LogEditorActor: Deleted Actor: NavModifierVolume
[2018.01.06-16.26.43:500][827]LogEditorActor: Deleted 1 Actors (0.025 secs)
[2018.01.06-16.26.44:324][926]LogEditorViewport: Clicking on Actor (LMB): NavModifierVolume (NavModifierVolume5)
[2018.01.06-16.26.44:752][972]Cmd: DELETE
[2018.01.06-16.26.44:752][972]Cmd: ACTOR DELETE
[2018.01.06-16.26.44:754][972]LogEditorActor: Deleted Actor: NavModifierVolume
[2018.01.06-16.26.44:772][972]LogEditorActor: Deleted 1 Actors (0.020 secs)
[2018.01.06-16.26.45:577][ 68]LogEditorViewport: Clicking on Actor (LMB): NavModifierVolume (NavModifierVolume7)
[2018.01.06-16.26.45:918][105]Cmd: DELETE
[2018.01.06-16.26.45:918][105]Cmd: ACTOR DELETE
[2018.01.06-16.26.45:920][105]LogEditorActor: Deleted Actor: NavModifierVolume
[2018.01.06-16.26.45:939][105]LogEditorActor: Deleted 1 Actors (0.021 secs)
[2018.01.06-16.26.46:969][228]LogEditorViewport: Clicking on Actor (LMB): NavModifierVolume (NavModifierVolume6)
[2018.01.06-16.26.47:140][245]Cmd: DELETE
[2018.01.06-16.26.47:140][245]Cmd: ACTOR DELETE
[2018.01.06-16.26.47:142][245]LogEditorActor: Deleted Actor: NavModifierVolume
[2018.01.06-16.26.47:163][245]LogEditorActor: Deleted 1 Actors (0.024 secs)
[2018.01.06-16.26.47:908][334]LogEditorViewport: Clicking on Actor (LMB): NavModifierVolume (NavModifierVolume)
[2018.01.06-16.26.48:013][343]Cmd: DELETE
[2018.01.06-16.26.48:013][343]Cmd: ACTOR DELETE
[2018.01.06-16.26.48:016][343]LogEditorActor: Deleted Actor: NavModifierVolume
[2018.01.06-16.26.48:036][343]LogEditorActor: Deleted 1 Actors (0.023 secs)
[2018.01.06-16.26.48:676][420]LogEditorViewport: Clicking on Actor (LMB): PostProcessVolume (PostProcessVolume)
[2018.01.06-16.26.51:306][711]LogEditorViewport: Clicking on Actor (LMB): NavModifierVolume (NavModifierVolume3)
[2018.01.06-16.26.51:712][753]Cmd: DELETE
[2018.01.06-16.26.51:712][753]Cmd: ACTOR DELETE
[2018.01.06-16.26.51:714][753]LogEditorActor: Deleted Actor: NavModifierVolume
[2018.01.06-16.26.51:733][753]LogEditorActor: Deleted 1 Actors (0.020 secs)
[2018.01.06-16.26.52:347][827]LogEditorViewport: Clicking on Actor (LMB): NavModifierVolume (NavModifierVolume11)
[2018.01.06-16.26.52:756][871]Cmd: DELETE
[2018.01.06-16.26.52:756][871]Cmd: ACTOR DELETE
[2018.01.06-16.26.52:758][871]LogEditorActor: Deleted Actor: NavModifierVolume
[2018.01.06-16.26.52:778][871]LogEditorActor: Deleted 1 Actors (0.022 secs)
[2018.01.06-16.26.53:311][935]LogEditorViewport: Clicking on Actor (LMB): NavModifierVolume (NavModifierVolume13)
[2018.01.06-16.26.53:499][954]Cmd: DELETE
[2018.01.06-16.26.53:499][954]Cmd: ACTOR DELETE
[2018.01.06-16.26.53:501][954]LogEditorActor: Deleted Actor: NavModifierVolume
[2018.01.06-16.26.53:523][954]LogEditorActor: Deleted 1 Actors (0.024 secs)
[2018.01.06-16.26.54:390][ 58]LogEditorViewport: Clicking on Actor (LMB): NavModifierVolume (NavModifierVolume10)
[2018.01.06-16.26.54:730][ 93]Cmd: DELETE
[2018.01.06-16.26.54:730][ 93]Cmd: ACTOR DELETE
[2018.01.06-16.26.54:733][ 93]LogEditorActor: Deleted Actor: NavModifierVolume
[2018.01.06-16.26.54:752][ 93]LogEditorActor: Deleted 1 Actors (0.021 secs)
[2018.01.06-16.26.55:371][167]LogEditorViewport: Clicking on Actor (LMB): NavModifierVolume (NavModifierVolume9)
[2018.01.06-16.26.55:517][181]Cmd: DELETE
[2018.01.06-16.26.55:517][181]Cmd: ACTOR DELETE
[2018.01.06-16.26.55:519][181]LogEditorActor: Deleted Actor: NavModifierVolume
[2018.01.06-16.26.55:538][181]LogEditorActor: Deleted 1 Actors (0.021 secs)
[2018.01.06-16.26.56:344][273]Cmd: DELETE
[2018.01.06-16.26.56:344][273]Cmd: ACTOR DELETE
[2018.01.06-16.26.56:346][273]LogEditorActor: Deleted Actor: Brush
[2018.01.06-16.26.56:370][273]LogEditorActor: Deleted 1 Actors (0.026 secs)
[2018.01.06-16.26.57:976][465]Cmd: TRANSACTION UNDO
[2018.01.06-16.26.57:976][465]LogEditorTransaction: Undo Delete Actors
[2018.01.06-16.26.58:028][465]LogSlate: Took 0.000189 seconds to synchronously load lazily loaded font '../../../Engine/Content/Slate/Fonts/Roboto-Light.ttf' (159K)
[2018.01.06-16.26.59:257][605]LogEditorViewport: Clicking on Actor (LMB): NavModifierVolume (NavModifierVolume2)
[2018.01.06-16.26.59:740][653]Cmd: DELETE
[2018.01.06-16.26.59:740][653]Cmd: ACTOR DELETE
[2018.01.06-16.26.59:742][653]LogEditorActor: Deleted Actor: NavModifierVolume
[2018.01.06-16.26.59:764][653]LogEditorActor: Deleted 1 Actors (0.025 secs)
[2018.01.06-16.27.00:609][754]LogEditorViewport: Clicking on Actor (LMB): NavModifierVolume (NavModifierVolume12)
[2018.01.06-16.27.00:939][790]Cmd: DELETE
[2018.01.06-16.27.00:939][790]Cmd: ACTOR DELETE
[2018.01.06-16.27.00:941][790]LogEditorActor: Deleted Actor: NavModifierVolume
[2018.01.06-16.27.00:964][790]LogEditorActor: Deleted 1 Actors (0.024 secs)
[2018.01.06-16.27.06:079][403]LogEditorViewport: Clicking on Actor (LMB): NavMeshBoundsVolume (NavMeshBoundsVolume)
[2018.01.06-16.27.09:595][810]Cmd: DELETE
[2018.01.06-16.27.09:595][810]Cmd: ACTOR DELETE
[2018.01.06-16.27.09:602][810]LogEditorActor: Deleted Actor: NavMeshBoundsVolume
[2018.01.06-16.27.09:623][810]LogEditorActor: Deleted 1 Actors (0.028 secs)
[2018.01.06-16.27.14:826][426]LogEditorActor: Deleted Actor: NavModifierVolume
[2018.01.06-16.27.14:848][426]LogEditorActor: Deleted 1 Actors (0.028 secs)
[2018.01.06-16.27.24:935][633]LogEditorViewport: Clicking on Actor (LMB): TextRenderActor (TextRenderActor)
[2018.01.06-16.27.25:848][737]Cmd: DELETE
[2018.01.06-16.27.25:848][737]Cmd: ACTOR DELETE
[2018.01.06-16.27.25:853][737]LogEditorActor: Deleted Actor: TextRenderActor
[2018.01.06-16.27.25:873][737]LogEditorActor: Deleted 1 Actors (0.025 secs)
[2018.01.06-16.27.36:690][976]LogEditorActor: Deleted Actor: BP_PickupCube_C
[2018.01.06-16.27.36:691][976]LogEditorActor: Deleted Actor: BP_PickupCube_C
[2018.01.06-16.27.36:691][976]LogEditorActor: Deleted Actor: BP_PickupCube_C
[2018.01.06-16.27.36:691][976]LogEditorActor: Deleted Actor: BP_PickupCube_C
[2018.01.06-16.27.36:691][976]LogEditorActor: Deleted Actor: BP_PickupCube_C
[2018.01.06-16.27.36:691][976]LogEditorActor: Deleted Actor: BP_PickupCube_C
[2018.01.06-16.27.36:691][976]LogEditorActor: Deleted Actor: BP_PickupCube_C
[2018.01.06-16.27.36:691][976]LogEditorActor: Deleted Actor: BP_PickupCube_C
[2018.01.06-16.27.36:691][976]LogEditorActor: Deleted Actor: BP_PickupCube_C
[2018.01.06-16.27.36:692][976]LogEditorActor: Deleted Actor: BP_PickupCube_C
[2018.01.06-16.27.36:692][976]LogEditorActor: Deleted Actor: BP_PickupCube_C
[2018.01.06-16.27.36:692][976]LogEditorActor: Deleted Actor: BP_PickupCube_C
[2018.01.06-16.27.36:692][976]LogEditorActor: Deleted Actor: BP_PickupCube_C
[2018.01.06-16.27.36:692][976]LogEditorActor: Deleted Actor: BP_PickupCube_C
[2018.01.06-16.27.36:692][976]LogEditorActor: Deleted Actor: BP_PickupCube_C
[2018.01.06-16.27.36:692][976]LogEditorActor: Deleted Actor: BP_PickupCube_C
[2018.01.06-16.27.36:692][976]LogEditorActor: Deleted Actor: BP_PickupCube_C
[2018.01.06-16.27.36:712][976]LogEditorActor: Deleted 17 Actors (0.026 secs)
[2018.01.06-16.27.42:631][677]LogEditorActor: Deleted Actor: TextRenderActor
[2018.01.06-16.27.42:654][677]LogEditorActor: Deleted 1 Actors (0.025 secs)
[2018.01.06-16.27.51:788][749]LogEditorActor: Deleted Actor: TextRenderActor
[2018.01.06-16.27.51:810][749]LogEditorActor: Deleted 1 Actors (0.024 secs)
[2018.01.06-16.27.54:091][ 19]Cmd: DELETE
[2018.01.06-16.27.54:091][ 19]Cmd: ACTOR DELETE
[2018.01.06-16.27.54:093][ 19]LogEditorActor: Deleted Actor: Brush
[2018.01.06-16.27.54:116][ 19]LogEditorActor: Deleted 1 Actors (0.025 secs)
[2018.01.06-16.27.55:883][230]LogEditorViewport: Clicking on Actor (LMB): BP_PickupCube_C (BP_PickupCube)
[2018.01.06-16.29.20:936][197]LogEditorViewport: Clicking on Actor (LMB): BP_Sky_Sphere_C (SkySphereBlueprint)
[2018.01.06-16.36.04:342][146]Cmd: OBJ SAVEPACKAGE PACKAGE="/Game/VirtualRealityBP/Maps/MenuMap" FILE="D:/MenuGame/MenuGame/Saved/Autosaves/Game/VirtualRealityBP/Maps/MenuMap_Auto1.umap" SILENT=true AUTOSAVING=true KEEPDIRTY=false
[2018.01.06-16.36.04:582][146]LogSavePackage: Save=231.40ms
[2018.01.06-16.36.04:583][146]LogSavePackage: Moving 'D:/MenuGame/MenuGame/Saved/MenuMap_Auto10C4571764610F88E5837C0981412B52B.tmp' to 'D:/MenuGame/MenuGame/Saved/Autosaves/Game/VirtualRealityBP/Maps/MenuMap_Auto1.umap'
[2018.01.06-16.36.04:583][146]LogSavePackage: Display: Finished SavePackage D:/MenuGame/MenuGame/Saved/Autosaves/Game/VirtualRealityBP/Maps/MenuMap_Auto1.umap
[2018.01.06-16.36.04:584][146]LogFileHelpers: Editor autosave (incl. sublevels) for '/Game/VirtualRealityBP/Maps/MenuMap' took 0.266
[2018.01.06-16.36.04:584][146]LogFileHelpers: Editor autosave (incl. sublevels) for all levels took 0.266
[2018.01.06-16.36.04:586][146]LogExec: Warning: Missing filename
[2018.01.06-16.36.04:586][146]LogFileHelpers: Auto-saving content packages took 0.001
[2018.01.06-17.20.12:311][ 98]Cmd: OBJ SAVEPACKAGE PACKAGE="/Game/VirtualRealityBP/Maps/MenuMap" FILE="D:/MenuGame/MenuGame/Saved/Autosaves/Game/VirtualRealityBP/Maps/MenuMap_Auto2.umap" SILENT=true AUTOSAVING=true KEEPDIRTY=false
[2018.01.06-17.20.12:527][ 98]LogSavePackage: Save=186.97ms
[2018.01.06-17.20.12:527][ 98]LogSavePackage: Moving 'D:/MenuGame/MenuGame/Saved/MenuMap_Auto2D430DF65435C341D36A1F3B3AC025EA5.tmp' to 'D:/MenuGame/MenuGame/Saved/Autosaves/Game/VirtualRealityBP/Maps/MenuMap_Auto2.umap'
[2018.01.06-17.20.12:527][ 98]LogSavePackage: Display: Finished SavePackage D:/MenuGame/MenuGame/Saved/Autosaves/Game/VirtualRealityBP/Maps/MenuMap_Auto2.umap
[2018.01.06-17.20.12:529][ 98]LogFileHelpers: Editor autosave (incl. sublevels) for '/Game/VirtualRealityBP/Maps/MenuMap' took 0.238
[2018.01.06-17.20.12:529][ 98]LogFileHelpers: Editor autosave (incl. sublevels) for all levels took 0.238
[2018.01.06-17.30.51:662][227]LogSlate: Took 0.000209 seconds to synchronously load lazily loaded font '../../../Engine/Content/Editor/Slate/Fonts/Roboto-Italic.ttf' (157K)
[2018.01.06-17.30.54:488][349]Cmd: OBJ SAVEPACKAGE PACKAGE="/Game/VirtualRealityBP/Maps/MenuMap" FILE="D:/MenuGame/MenuGame/Content/VirtualRealityBP/Maps/MenuMap.umap" SILENT=true AUTOSAVING=false KEEPDIRTY=false
[2018.01.06-17.30.54:757][349]LogSavePackage: Save=228.92ms
[2018.01.06-17.30.54:757][349]LogSavePackage: Moving 'D:/MenuGame/MenuGame/Saved/MenuMap22DA397048F29DCC57F1E9BF9218341E.tmp' to 'D:/MenuGame/MenuGame/Content/VirtualRealityBP/Maps/MenuMap.umap'
[2018.01.06-17.30.54:759][349]LogSavePackage: Display: Finished SavePackage D:/MenuGame/MenuGame/Content/VirtualRealityBP/Maps/MenuMap.umap
[2018.01.06-17.30.54:775][349]LogFileHelpers: Saving map 'MenuMap' took 0.354
[2018.01.06-17.30.55:041][350]Cmd: QUIT_EDITOR
[2018.01.06-17.30.55:059][350]LogWindowsTextInputMethodSystem: Display: IME system now deactivated.
[2018.01.06-17.30.55:075][350]LogExit: Preparing to exit.
[2018.01.06-17.30.55:966][350]LogExit: Editor shut down
[2018.01.06-17.30.55:974][350]LogExit: Transaction tracking system shut down
[2018.01.06-17.30.56:170][350]LogDirectoryWatcher: A directory notification for '../../../Engine/Content/' was aborted.
[2018.01.06-17.30.56:170][350]LogDirectoryWatcher: A directory notification for 'D:/MenuGame/MenuGame/Content/' was aborted.
[2018.01.06-17.30.56:171][350]LogDirectoryWatcher: A directory notification for '../../../Engine/Plugins/2D/Paper2D/Content/' was aborted.
[2018.01.06-17.30.56:171][350]LogDirectoryWatcher: A directory notification for '../../../Engine/Plugins/Media/MediaCompositing/Content/' was aborted.
[2018.01.06-17.30.56:171][350]LogDirectoryWatcher: A directory notification for '../../../Engine/Plugins/Runtime/AppleARKit/Content/' was aborted.
[2018.01.06-17.30.56:171][350]LogDirectoryWatcher: A directory notification for '../../../Engine/Plugins/Runtime/Oculus/OculusVR/Content/' was aborted.
[2018.01.06-17.30.56:171][350]LogDirectoryWatcher: A directory notification for '../../../Engine/Plugins/Runtime/Steam/SteamVR/Content/' was aborted.
[2018.01.06-17.30.56:241][350]LogExit: Object subsystem successfully closed.
[2018.01.06-17.30.56:269][350]LogD3D11RHI: Shutdown
[2018.01.06-17.30.56:269][350]LogD3D11RHI: CleanupD3DDevice
[2018.01.06-17.30.56:271][350]LogD3D11RHI: ~FD3D11DynamicRHI
[2018.01.06-17.30.56:289][350]LogModuleManager: Shutting down and abandoning module HierarchicalLODUtilities (550)
[2018.01.06-17.30.56:289][350]LogModuleManager: Shutting down and abandoning module HierarchicalLODOutliner (548)
[2018.01.06-17.30.56:289][350]LogModuleManager: Shutting down and abandoning module SceneOutliner (546)
[2018.01.06-17.30.56:289][350]LogModuleManager: Shutting down and abandoning module AddContentDialog (544)
[2018.01.06-17.30.56:289][350]LogDirectoryWatcher: A directory notification for 'C:/Program Files/Epic Games/UE_4.18/FeaturePacks/' was aborted.
[2018.01.06-17.30.56:290][350]LogModuleManager: Shutting down and abandoning module WidgetCarousel (543)
[2018.01.06-17.30.56:290][350]LogModuleManager: Shutting down and abandoning module EditorWidgets (540)
[2018.01.06-17.30.56:290][350]LogModuleManager: Shutting down and abandoning module CollectionManager (538)
[2018.01.06-17.30.56:290][350]LogDirectoryWatcher: A directory notification for 'D:/MenuGame/MenuGame/Content/Collections/' was aborted.
[2018.01.06-17.30.56:290][350]LogDirectoryWatcher: A directory notification for 'D:/MenuGame/MenuGame/Content/Developers/oli/Collections/' was aborted.
[2018.01.06-17.30.56:290][350]LogDirectoryWatcher: A directory notification for 'D:/MenuGame/MenuGame/Saved/Collections/' was aborted.
[2018.01.06-17.30.56:290][350]LogModuleManager: Shutting down and abandoning module StatsViewer (536)
[2018.01.06-17.30.56:290][350]LogModuleManager: Shutting down and abandoning module FoliageEdit (534)
[2018.01.06-17.30.56:290][350]LogModuleManager: Shutting down and abandoning module LandscapeEditor (532)
[2018.01.06-17.30.56:290][350]LogModuleManager: Shutting down and abandoning module MeshPaintMode (530)
[2018.01.06-17.30.56:291][350]LogModuleManager: Shutting down and abandoning module SceneDepthPickerMode (528)
[2018.01.06-17.30.56:291][350]LogModuleManager: Shutting down and abandoning module ActorPickerMode (526)
[2018.01.06-17.30.56:291][350]LogModuleManager: Shutting down and abandoning module GeometryMode (524)
[2018.01.06-17.30.56:291][350]LogModuleManager: Shutting down and abandoning module TextureAlignMode (522)
[2018.01.06-17.30.56:291][350]LogModuleManager: Shutting down and abandoning module BspMode (520)
[2018.01.06-17.30.56:291][350]LogModuleManager: Shutting down and abandoning module PIEPreviewDeviceProfileSelector (518)
[2018.01.06-17.30.56:291][350]LogModuleManager: Shutting down and abandoning module HardwareSurvey (516)
[2018.01.06-17.30.56:291][350]LogModuleManager: Shutting down and abandoning module SequenceRecorderSections (514)
[2018.01.06-17.30.56:291][350]LogModuleManager: Shutting down and abandoning module AutomationWorker (512)
[2018.01.06-17.30.56:291][350]LogModuleManager: Shutting down and abandoning module MatineeToLevelSequence (510)
[2018.01.06-17.30.56:291][350]LogModuleManager: Shutting down and abandoning module LevelSequenceEditor (508)
[2018.01.06-17.30.56:291][350]LogModuleManager: Shutting down and abandoning module PlacementMode (507)
[2018.01.06-17.30.56:291][350]LogModuleManager: Shutting down and abandoning module WmfMediaFactory (504)
[2018.01.06-17.30.56:291][350]LogModuleManager: Shutting down and abandoning module WmfMediaEditor (502)
[2018.01.06-17.30.56:291][350]LogModuleManager: Shutting down and abandoning module OpenExrWrapper (500)
[2018.01.06-17.30.56:291][350]LogModuleManager: Shutting down and abandoning module ImgMediaFactory (498)
[2018.01.06-17.30.56:291][350]LogModuleManager: Shutting down and abandoning module ImgMediaEditor (496)
[2018.01.06-17.30.56:291][350]LogModuleManager: Shutting down and abandoning module AvfMediaFactory (494)
[2018.01.06-17.30.56:291][350]LogModuleManager: Shutting down and abandoning module AvfMediaEditor (492)
[2018.01.06-17.30.56:291][350]LogModuleManager: Shutting down and abandoning module AndroidMediaFactory (490)
[2018.01.06-17.30.56:291][350]LogModuleManager: Shutting down and abandoning module AndroidMediaEditor (488)
[2018.01.06-17.30.56:291][350]LogModuleManager: Shutting down and abandoning module CharacterAI (486)
[2018.01.06-17.30.56:291][350]LogModuleManager: Shutting down and abandoning module AudioCapture (484)
[2018.01.06-17.30.56:291][350]LogModuleManager: Shutting down and abandoning module SequenceRecorder (483)
[2018.01.06-17.30.56:291][350]LogModuleManager: Shutting down and abandoning module SmartSnapping (480)
[2018.01.06-17.30.56:291][350]LogModuleManager: Shutting down and abandoning module SessionServices (478)
[2018.01.06-17.30.56:291][350]LogModuleManager: Shutting down and abandoning module ViewportSnapping (476)
[2018.01.06-17.30.56:291][350]LogModuleManager: Shutting down and abandoning module ViewportInteraction (474)
[2018.01.06-17.30.56:291][350]LogModuleManager: Shutting down and abandoning module ClothPainter (472)
[2018.01.06-17.30.56:291][350]LogModuleManager: Shutting down and abandoning module SkeletalMeshEditor (471)
[2018.01.06-17.30.56:291][350]LogModuleManager: Shutting down and abandoning module LogVisualizer (468)
[2018.01.06-17.30.56:291][350]LogModuleManager: Shutting down and abandoning module IntroTutorials (466)
[2018.01.06-17.30.56:292][350]LogModuleManager: Shutting down and abandoning module GameProjectGeneration (465)
[2018.01.06-17.30.56:292][350]LogModuleManager: Shutting down and abandoning module IOSPlatformEditor (462)
[2018.01.06-17.30.56:292][350]LogModuleManager: Shutting down and abandoning module HTML5PlatformEditor (460)
[2018.01.06-17.30.56:292][350]LogModuleManager: Shutting down and abandoning module AndroidPlatformEditor (458)
[2018.01.06-17.30.56:292][350]LogModuleManager: Shutting down and abandoning module AndroidDeviceDetection (457)
[2018.01.06-17.30.56:404][350]LogModuleManager: Shutting down and abandoning module WindowsPlatformEditor (454)
[2018.01.06-17.30.56:404][350]LogModuleManager: Shutting down and abandoning module IOSRuntimeSettings (452)
[2018.01.06-17.30.56:404][350]LogModuleManager: Shutting down and abandoning module AndroidRuntimeSettings (450)
[2018.01.06-17.30.56:404][350]LogModuleManager: Shutting down and abandoning module InputBindingEditor (448)
[2018.01.06-17.30.56:404][350]LogModuleManager: Shutting down and abandoning module MergeActors (446)
[2018.01.06-17.30.56:404][350]LogModuleManager: Shutting down and abandoning module SizeMap (444)
[2018.01.06-17.30.56:404][350]LogModuleManager: Shutting down and abandoning module TreeMap (442)
[2018.01.06-17.30.56:404][350]LogModuleManager: Shutting down and abandoning module ReferenceViewer (440)
[2018.01.06-17.30.56:404][350]LogModuleManager: Shutting down and abandoning module LocalizationDashboard (438)
[2018.01.06-17.30.56:404][350]LogModuleManager: Shutting down and abandoning module LocalizationService (437)
[2018.01.06-17.30.56:404][350]LogModuleManager: Shutting down and abandoning module HardwareTargeting (434)
[2018.01.06-17.30.56:404][350]LogModuleManager: Shutting down and abandoning module DeviceProfileEditor (432)
[2018.01.06-17.30.56:404][350]LogModuleManager: Shutting down and abandoning module UndoHistory (430)
[2018.01.06-17.30.56:404][350]LogModuleManager: Shutting down and abandoning module XmlParser (428)
[2018.01.06-17.30.56:404][350]LogModuleManager: Shutting down and abandoning module Blutility (426)
[2018.01.06-17.30.56:404][350]LogModuleManager: Shutting down and abandoning module ProjectSettingsViewer (424)
[2018.01.06-17.30.56:404][350]LogModuleManager: Shutting down and abandoning module ProjectTargetPlatformEditor (423)
[2018.01.06-17.30.56:404][350]LogModuleManager: Shutting down and abandoning module EditorSettingsViewer (420)
[2018.01.06-17.30.56:404][350]LogModuleManager: Shutting down and abandoning module SettingsEditor (418)
[2018.01.06-17.30.56:404][350]LogModuleManager: Shutting down and abandoning module ProjectLauncher (416)
[2018.01.06-17.30.56:405][350]LogModuleManager: Shutting down and abandoning module SessionFrontend (414)
[2018.01.06-17.30.56:405][350]LogModuleManager: Shutting down and abandoning module ProfilerClient (412)
[2018.01.06-17.30.56:405][350]LogModuleManager: Shutting down and abandoning module DeviceManager (410)
[2018.01.06-17.30.56:405][350]LogModuleManager: Shutting down and abandoning module TargetDeviceServices (409)
[2018.01.06-17.30.56:466][350]LogModuleManager: Shutting down and abandoning module AutomationController (406)
[2018.01.06-17.30.56:466][350]LogModuleManager: Shutting down and abandoning module AutomationWindow (404)
[2018.01.06-17.30.56:466][350]LogModuleManager: Shutting down and abandoning module Layers (402)
[2018.01.06-17.30.56:466][350]LogModuleManager: Shutting down and abandoning module ComponentVisualizers (400)
[2018.01.06-17.30.56:466][350]LogModuleManager: Shutting down and abandoning module DetailCustomizations (398)
[2018.01.06-17.30.56:466][350]LogModuleManager: Shutting down and abandoning module PackagesDialog (396)
[2018.01.06-17.30.56:467][350]LogModuleManager: Shutting down and abandoning module Persona (394)
[2018.01.06-17.30.56:467][350]LogModuleManager: Shutting down and abandoning module AdvancedPreviewScene (393)
[2018.01.06-17.30.56:467][350]LogModuleManager: Shutting down and abandoning module AnimGraph (391)
[2018.01.06-17.30.56:467][350]LogModuleManager: Shutting down and abandoning module Kismet (388)
[2018.01.06-17.30.56:469][350]LogModuleManager: Shutting down and abandoning module ClassViewer (386)
[2018.01.06-17.30.56:469][350]LogModuleManager: Shutting down and abandoning module Toolbox (384)
[2018.01.06-17.30.56:469][350]LogModuleManager: Shutting down and abandoning module ModuleUI (382)
[2018.01.06-17.30.56:469][350]LogModuleManager: Shutting down and abandoning module MovieSceneTools (380)
[2018.01.06-17.30.56:469][350]LogModuleManager: Shutting down and abandoning module OutputLog (378)
[2018.01.06-17.30.56:469][350]LogModuleManager: Shutting down and abandoning module GammaUI (376)
[2018.01.06-17.30.56:469][350]LogModuleManager: Shutting down and abandoning module Documentation (374)
[2018.01.06-17.30.56:469][350]LogModuleManager: Shutting down and abandoning module MovieSceneTracks (372)
[2018.01.06-17.30.56:469][350]LogModuleManager: Shutting down and abandoning module MovieScene (370)
[2018.01.06-17.30.56:469][350]LogModuleManager: Shutting down and abandoning module StreamingPauseRendering (368)
[2018.01.06-17.30.56:469][350]LogModuleManager: Shutting down and abandoning module LauncherPlatform (366)
[2018.01.06-17.30.56:469][350]LogModuleManager: Shutting down and abandoning module AnalyticsET (364)
[2018.01.06-17.30.56:469][350]LogModuleManager: Shutting down and abandoning module PortalServices (362)
[2018.01.06-17.30.56:469][350]LogModuleManager: Shutting down and abandoning module PortalRpc (360)
[2018.01.06-17.30.56:469][350]LogModuleManager: Shutting down and abandoning module MessagingRpc (358)
[2018.01.06-17.30.56:469][350]LogModuleManager: Shutting down and abandoning module AIModule (356)
[2018.01.06-17.30.56:469][350]LogModuleManager: Shutting down and abandoning module GameplayDebugger (355)
[2018.01.06-17.30.56:469][350]LogModuleManager: Shutting down and abandoning module AITestSuite (353)
[2018.01.06-17.30.56:469][350]LogModuleManager: Shutting down and abandoning module DesktopPlatform (350)
[2018.01.06-17.30.56:469][350]LogModuleManager: Shutting down and abandoning module ProfilerService (348)
[2018.01.06-17.30.56:697][350]LogModuleManager: Shutting down and abandoning module TaskGraph (346)
[2018.01.06-17.30.56:698][350]LogModuleManager: Shutting down and abandoning module SteamVRController (344)
[2018.01.06-17.30.56:698][350]LogModuleManager: Shutting down and abandoning module ProceduralMeshComponentEditor (342)
[2018.01.06-17.30.56:698][350]LogModuleManager: Shutting down and abandoning module ProceduralMeshComponent (340)
[2018.01.06-17.30.56:698][350]LogModuleManager: Shutting down and abandoning module OculusInput (338)
[2018.01.06-17.30.56:698][350]LogModuleManager: Shutting down and abandoning module MobilePatchingUtils (336)
[2018.01.06-17.30.56:698][350]LogModuleManager: Shutting down and abandoning module CustomMeshComponent (334)
[2018.01.06-17.30.56:698][350]LogModuleManager: Shutting down and abandoning module CableComponent (332)
[2018.01.06-17.30.56:698][350]LogModuleManager: Shutting down and abandoning module ArchVisCharacter (330)
[2018.01.06-17.30.56:698][350]LogModuleManager: Shutting down and abandoning module AndroidPermission (328)
[2018.01.06-17.30.56:698][350]LogModuleManager: Shutting down and abandoning module ActorSequence (324)
[2018.01.06-17.30.56:698][350]LogModuleManager: Shutting down and abandoning module MediaPlayerEditor (322)
[2018.01.06-17.30.56:698][350]LogModuleManager: Shutting down and abandoning module MediaCompositingEditor (320)
[2018.01.06-17.30.56:698][350]LogModuleManager: Shutting down and abandoning module MediaCompositing (318)
[2018.01.06-17.30.56:698][350]LogModuleManager: Shutting down and abandoning module HTML5Networking (316)
[2018.01.06-17.30.56:698][350]LogModuleManager: Shutting down and abandoning module AlembicImporter (314)
[2018.01.06-17.30.56:698][350]LogModuleManager: Shutting down and abandoning module AlembicLibrary (313)
[2018.01.06-17.30.56:698][350]LogModuleManager: Shutting down and abandoning module GeometryCache (312)
[2018.01.06-17.30.56:698][350]LogModuleManager: Shutting down and abandoning module GeometryCacheEd (311)
[2018.01.06-17.30.56:698][350]LogModuleManager: Shutting down and abandoning module SpeedTreeImporter (306)
[2018.01.06-17.30.56:698][350]LogModuleManager: Shutting down and abandoning module PluginBrowser (304)
[2018.01.06-17.30.56:698][350]LogModuleManager: Shutting down and abandoning module MobileLauncherProfileWizard (302)
[2018.01.06-17.30.56:698][350]LogModuleManager: Shutting down and abandoning module VisualStudioSourceCodeAccess (300)
[2018.01.06-17.30.56:698][350]LogModuleManager: Shutting down and abandoning module VisualStudioCodeSourceCodeAccess (298)
[2018.01.06-17.30.56:698][350]LogModuleManager: Shutting down and abandoning module UObjectPlugin (296)
[2018.01.06-17.30.56:699][350]LogModuleManager: Shutting down and abandoning module SubversionSourceControl (294)
[2018.01.06-17.30.56:699][350]LogModuleManager: Shutting down and abandoning module PerforceSourceControl (292)
[2018.01.06-17.30.56:699][350]LogModuleManager: Shutting down and abandoning module GitSourceControl (290)
[2018.01.06-17.30.56:699][350]LogModuleManager: Shutting down and abandoning module SourceControl (289)
[2018.01.06-17.30.56:699][350]LogModuleManager: Shutting down and abandoning module LightPropagationVolumeEditor (286)
[2018.01.06-17.30.56:699][350]LogModuleManager: Shutting down and abandoning module PaperTiledImporter (284)
[2018.01.06-17.30.56:699][350]LogModuleManager: Shutting down and abandoning module PaperSpriteSheetImporter (282)
[2018.01.06-17.30.56:699][350]LogModuleManager: Shutting down and abandoning module Paper2DEditor (280)
[2018.01.06-17.30.56:699][350]LogModuleManager: Shutting down and abandoning module MeshPaint (279)
[2018.01.06-17.30.56:699][350]LogModuleManager: Shutting down and abandoning module LevelEditor (277)
[2018.01.06-17.30.56:701][350]LogModuleManager: Shutting down and abandoning module PixelInspectorModule (276)
[2018.01.06-17.30.56:701][350]LogModuleManager: Shutting down and abandoning module MainFrame (274)
[2018.01.06-17.30.56:701][350]LogModuleManager: Shutting down and abandoning module HotReload (273)
[2018.01.06-17.30.56:702][350]LogModuleManager: Shutting down and abandoning module RuntimePhysXCooking (268)
[2018.01.06-17.30.56:702][350]LogModuleManager: Shutting down and abandoning module PhysXVehiclesEditor (266)
[2018.01.06-17.30.56:702][350]LogModuleManager: Shutting down and abandoning module PhysXVehicles (264)
[2018.01.06-17.30.56:702][350]LogModuleManager: Shutting down and abandoning module OculusEditor (262)
[2018.01.06-17.30.56:702][350]LogModuleManager: Shutting down and abandoning module LocationServicesBPLibrary (260)
[2018.01.06-17.30.56:702][350]LogModuleManager: Shutting down and abandoning module ImmediatePhysicsEditor (258)
[2018.01.06-17.30.56:702][350]LogModuleManager: Shutting down and abandoning module ImmediatePhysics (256)
[2018.01.06-17.30.56:702][350]LogModuleManager: Shutting down and abandoning module UdpMessaging (254)
[2018.01.06-17.30.56:803][350]LogModuleManager: Shutting down and abandoning module TcpMessaging (252)
[2018.01.06-17.30.56:903][350]LogModuleManager: Shutting down and abandoning module GameplayTagsEditor (250)
[2018.01.06-17.30.56:903][350]LogModuleManager: Shutting down and abandoning module FacialAnimationEditor (248)
[2018.01.06-17.30.56:903][350]LogModuleManager: Shutting down and abandoning module FacialAnimation (246)
[2018.01.06-17.30.56:903][350]LogModuleManager: Shutting down and abandoning module AssetManagerEditor (244)
[2018.01.06-17.30.56:903][350]LogModuleManager: Shutting down and abandoning module GraphEditor (243)
[2018.01.06-17.30.56:904][350]LogModuleManager: Shutting down and abandoning module ContentBrowser (241)
[2018.01.06-17.30.56:905][350]LogModuleManager: Shutting down and abandoning module LightPropagationVolumeRuntime (238)
[2018.01.06-17.30.56:906][350]LogModuleManager: Shutting down and abandoning module Paper2D (236)
[2018.01.06-17.30.56:906][350]LogModuleManager: Shutting down and abandoning module WindowsMoviePlayer (234)
[2018.01.06-17.30.56:906][350]LogModuleManager: Shutting down and abandoning module WmfMedia (232)
[2018.01.06-17.30.56:909][350]LogModuleManager: Shutting down and abandoning module ImgMedia (230)
[2018.01.06-17.30.56:909][350]LogModuleManager: Shutting down and abandoning module PacketHandler (228)
[2018.01.06-17.30.56:909][350]LogModuleManager: Shutting down and abandoning module ClothingSystemEditor (226)
[2018.01.06-17.30.56:909][350]LogModuleManager: Shutting down and abandoning module ClothingSystemRuntime (224)
[2018.01.06-17.30.56:909][350]LogModuleManager: Shutting down and abandoning module MediaAssets (222)
[2018.01.06-17.30.56:909][350]LogModuleManager: Shutting down and abandoning module Media (221)
[2018.01.06-17.30.56:914][350]LogModuleManager: Shutting down and abandoning module Overlay (218)
[2018.01.06-17.30.56:914][350]LogModuleManager: Shutting down and abandoning module OverlayEditor (217)
[2018.01.06-17.30.56:914][350]LogModuleManager: Shutting down and abandoning module VREditor (214)
[2018.01.06-17.30.56:914][350]LogModuleManager: Shutting down and abandoning module StringTableEditor (212)
[2018.01.06-17.30.56:914][350]LogModuleManager: Shutting down and abandoning module GameplayTasksEditor (210)
[2018.01.06-17.30.56:914][350]LogModuleManager: Shutting down and abandoning module BehaviorTreeEditor (208)
[2018.01.06-17.30.56:914][350]LogModuleManager: Shutting down and abandoning module FunctionalTesting (206)
[2018.01.06-17.30.56:915][350]LogModuleManager: Shutting down and abandoning module CollisionAnalyzer (204)
[2018.01.06-17.30.56:915][350]LogModuleManager: Shutting down and abandoning module WorkspaceMenuStructure (203)
[2018.01.06-17.30.56:915][350]LogModuleManager: Shutting down and abandoning module UMG (200)
[2018.01.06-17.30.56:915][350]LogModuleManager: Shutting down and abandoning module UMGEditor (199)
[2018.01.06-17.30.56:915][350]LogModuleManager: Shutting down and abandoning module Sequencer (198)
[2018.01.06-17.30.56:915][350]LogModuleManager: Shutting down and abandoning module MessageLog (195)
[2018.01.06-17.30.56:915][350]LogModuleManager: Shutting down and abandoning module SlateReflector (190)
[2018.01.06-17.30.56:915][350]LogModuleManager: Shutting down and abandoning module Slate (188)
[2018.01.06-17.30.56:915][350]LogModuleManager: Shutting down and abandoning module EditorStyle (186)
[2018.01.06-17.30.56:921][350]LogModuleManager: Shutting down and abandoning module MRMesh (184)
[2018.01.06-17.30.56:921][350]LogModuleManager: Shutting down and abandoning module SourceCodeAccess (182)
[2018.01.06-17.30.56:921][350]LogModuleManager: Shutting down and abandoning module HeadMountedDisplay (180)
[2018.01.06-17.30.56:921][350]LogModuleManager: Shutting down and abandoning module XAudio2 (178)
[2018.01.06-17.30.56:921][350]LogModuleManager: Shutting down and abandoning module Networking (176)
[2018.01.06-17.30.56:921][350]LogModuleManager: Shutting down and abandoning module Core (172)
[2018.01.06-17.30.56:921][350]LogModuleManager: Shutting down and abandoning module LevelSequence (168)
[2018.01.06-17.30.56:921][350]LogModuleManager: Shutting down and abandoning module DirectoryWatcher (166)
[2018.01.06-17.30.56:923][350]LogModuleManager: Shutting down and abandoning module KismetCompiler (164)
[2018.01.06-17.30.56:923][350]LogModuleManager: Shutting down and abandoning module MeshUtilities (162)
[2018.01.06-17.30.56:923][350]LogModuleManager: Shutting down and abandoning module MeshMergeUtilities (161)
[2018.01.06-17.30.56:923][350]LogModuleManager: Shutting down and abandoning module MeshReductionInterface (160)
[2018.01.06-17.30.56:923][350]LogModuleManager: Shutting down and abandoning module SimplygonSwarm (159)
[2018.01.06-17.30.56:923][350]LogModuleManager: Shutting down and abandoning module SimplygonMeshReduction (157)
[2018.01.06-17.30.56:923][350]LogModuleManager: Shutting down and abandoning module QuadricMeshReduction (155)
[2018.01.06-17.30.56:923][350]LogModuleManager: Shutting down and abandoning module MaterialBaking (151)
[2018.01.06-17.30.56:923][350]LogModuleManager: Shutting down and abandoning module DerivedDataCache (148)
[2018.01.06-17.30.56:972][350]LogDerivedDataCache: Shutdown
[2018.01.06-17.30.56:972][350]LogModuleManager: Shutting down and abandoning module TargetPlatform (146)
[2018.01.06-17.30.56:972][350]LogModuleManager: Shutting down and abandoning module VulkanShaderFormat (145)
[2018.01.06-17.30.56:972][350]LogModuleManager: Shutting down and abandoning module ShaderFormatVectorVM (143)
[2018.01.06-17.30.56:972][350]LogModuleManager: Shutting down and abandoning module ShaderFormatOpenGL (141)
[2018.01.06-17.30.56:972][350]LogModuleManager: Shutting down and abandoning module ShaderFormatD3D (139)
[2018.01.06-17.30.56:972][350]LogModuleManager: Shutting down and abandoning module MetalShaderFormat (137)
[2018.01.06-17.30.56:972][350]LogModuleManager: Shutting down and abandoning module TextureFormatUncompressed (135)
[2018.01.06-17.30.56:972][350]LogModuleManager: Shutting down and abandoning module TextureFormatPVR (133)
[2018.01.06-17.30.56:972][350]LogModuleManager: Shutting down and abandoning module TextureFormatDXT (131)
[2018.01.06-17.30.56:972][350]LogModuleManager: Shutting down and abandoning module TextureFormatIntelISPCTexComp (129)
[2018.01.06-17.30.56:973][350]LogModuleManager: Shutting down and abandoning module TextureFormatASTC (127)
[2018.01.06-17.30.56:973][350]LogModuleManager: Shutting down and abandoning module ImageWrapper (126)
[2018.01.06-17.30.56:973][350]LogModuleManager: Shutting down and abandoning module TextureFormatAndroid (123)
[2018.01.06-17.30.56:973][350]LogModuleManager: Shutting down and abandoning module AudioFormatOpus (121)
[2018.01.06-17.30.56:973][350]LogModuleManager: Shutting down and abandoning module AudioFormatOgg (119)
[2018.01.06-17.30.56:973][350]LogModuleManager: Shutting down and abandoning module AudioFormatADPCM (117)
[2018.01.06-17.30.56:973][350]LogModuleManager: Shutting down and abandoning module LinuxTargetPlatform (115)
[2018.01.06-17.30.56:973][350]LogModuleManager: Shutting down and abandoning module LinuxServerTargetPlatform (113)
[2018.01.06-17.30.56:973][350]LogModuleManager: Shutting down and abandoning module LinuxNoEditorTargetPlatform (111)
[2018.01.06-17.30.56:973][350]LogModuleManager: Shutting down and abandoning module LinuxClientTargetPlatform (109)
[2018.01.06-17.30.56:973][350]LogModuleManager: Shutting down and abandoning module TVOSTargetPlatform (107)
[2018.01.06-17.30.56:973][350]LogModuleManager: Shutting down and abandoning module Messaging (105)
[2018.01.06-17.30.56:973][350]LogModuleManager: Shutting down and abandoning module IOSTargetPlatform (103)
[2018.01.06-17.30.56:973][350]LogModuleManager: Shutting down and abandoning module HTML5TargetPlatform (101)
[2018.01.06-17.30.56:973][350]LogModuleManager: Shutting down and abandoning module AndroidTargetPlatform (99)
[2018.01.06-17.30.56:973][350]LogModuleManager: Shutting down and abandoning module Android_PVRTCTargetPlatform (97)
[2018.01.06-17.30.56:973][350]LogModuleManager: Shutting down and abandoning module Android_MultiTargetPlatform (95)
[2018.01.06-17.30.56:973][350]LogModuleManager: Shutting down and abandoning module Android_ETC2TargetPlatform (93)
[2018.01.06-17.30.56:973][350]LogModuleManager: Shutting down and abandoning module Android_ETC1TargetPlatform (91)
[2018.01.06-17.30.56:973][350]LogModuleManager: Shutting down and abandoning module Android_DXTTargetPlatform (89)
[2018.01.06-17.30.56:973][350]LogModuleManager: Shutting down and abandoning module Android_ATCTargetPlatform (87)
[2018.01.06-17.30.56:973][350]LogModuleManager: Shutting down and abandoning module Android_ASTCTargetPlatform (85)
[2018.01.06-17.30.56:973][350]LogModuleManager: Shutting down and abandoning module WindowsTargetPlatform (83)
[2018.01.06-17.30.56:973][350]LogModuleManager: Shutting down and abandoning module WindowsServerTargetPlatform (81)
[2018.01.06-17.30.56:973][350]LogModuleManager: Shutting down and abandoning module WindowsNoEditorTargetPlatform (79)
[2018.01.06-17.30.56:973][350]LogModuleManager: Shutting down and abandoning module WindowsClientTargetPlatform (77)
[2018.01.06-17.30.56:974][350]LogModuleManager: Shutting down and abandoning module MacTargetPlatform (75)
[2018.01.06-17.30.56:974][350]LogModuleManager: Shutting down and abandoning module MacServerTargetPlatform (73)
[2018.01.06-17.30.56:974][350]LogModuleManager: Shutting down and abandoning module MacNoEditorTargetPlatform (71)
[2018.01.06-17.30.56:974][350]LogModuleManager: Shutting down and abandoning module MacClientTargetPlatform (69)
[2018.01.06-17.30.56:974][350]LogModuleManager: Shutting down and abandoning module AllDesktopTargetPlatform (67)
[2018.01.06-17.30.56:974][350]LogModuleManager: Shutting down and abandoning module InputCore (64)
[2018.01.06-17.30.56:974][350]LogModuleManager: Shutting down and abandoning module Settings (62)
[2018.01.06-17.30.56:974][350]LogModuleManager: Shutting down and abandoning module PhysXCooking (60)
[2018.01.06-17.30.56:974][350]LogModuleManager: Shutting down and abandoning module SteamVR (58)
[2018.01.06-17.30.56:974][350]LogModuleManager: Shutting down and abandoning module OculusHMD (56)
[2018.01.06-17.30.56:974][350]LogModuleManager: Shutting down and abandoning module ExampleDeviceProfileSelector (54)
[2018.01.06-17.30.56:974][350]LogModuleManager: Shutting down and abandoning module AppleARKit (52)
[2018.01.06-17.30.56:974][350]LogModuleManager: Shutting down and abandoning module AugmentedReality (51)
[2018.01.06-17.30.56:974][350]LogModuleManager: Shutting down and abandoning module OnlineBlueprintSupport (48)
[2018.01.06-17.30.56:974][350]LogModuleManager: Shutting down and abandoning module OnlineSubsystem (44)
[2018.01.06-17.30.56:974][350]LogModuleManager: Shutting down and abandoning module XMPP (43)
[2018.01.06-17.30.56:974][350]LogModuleManager: Shutting down and abandoning module HTTP (41)
[2018.01.06-17.30.56:974][350]LogHttp: Display: Http module shutting down, but needs to wait on 1 outstanding Http requests:
[2018.01.06-17.30.56:974][350]LogHttp: Display: 	verb=[POST] url=[https://datarouter.ol.epicgames.com/datarouter/api/v1/public/data?SessionID=%7B781EE8D9-4B36-4FFC-0177-EF9F25CC0A12%7D&AppID=UEEditor.Rocket.Release&AppVersion=4.18.2-3794801%2B%2B%2BUE4%2BRelease-4.18&UserID=18c4dee24d88468894ac889fc15d42a3%7C8ae6ec63007c4e19b4bb426cc755407f%7C5ae3ce47-3a77-480a-b089-cad40e1d28b1&AppEnvironment=datacollector-binary&UploadType=eteventstream] status=Processing
[2018.01.06-17.30.56:997][350]LogModuleManager: Shutting down and abandoning module SSL (40)
[2018.01.06-17.30.57:000][350]LogModuleManager: Shutting down and abandoning module AnimationModifiers (36)
[2018.01.06-17.30.57:000][350]LogModuleManager: Shutting down and abandoning module PropertyEditor (35)
[2018.01.06-17.30.57:000][350]LogModuleManager: Shutting down and abandoning module AudioEditor (32)
[2018.01.06-17.30.57:001][350]LogModuleManager: Shutting down and abandoning module TextureCompressor (30)
[2018.01.06-17.30.57:001][350]LogModuleManager: Shutting down and abandoning module ShaderCore (28)
[2018.01.06-17.30.57:001][350]LogModuleManager: Shutting down and abandoning module Landscape (26)
[2018.01.06-17.30.57:001][350]LogModuleManager: Shutting down and abandoning module SlateRHIRenderer (24)
[2018.01.06-17.30.57:002][350]LogModuleManager: Shutting down and abandoning module OpenGLDrv (22)
[2018.01.06-17.30.57:002][350]LogModuleManager: Shutting down and abandoning module D3D11RHI (20)
[2018.01.06-17.30.57:002][350]LogModuleManager: Shutting down and abandoning module AnimGraphRuntime (18)
[2018.01.06-17.30.57:002][350]LogModuleManager: Shutting down and abandoning module Renderer (16)
[2018.01.06-17.30.57:002][350]LogModuleManager: Shutting down and abandoning module Engine (14)
[2018.01.06-17.30.57:003][350]LogModuleManager: Shutting down and abandoning module CoreUObject (12)
[2018.01.06-17.30.57:003][350]LogModuleManager: Shutting down and abandoning module NetworkFile (10)
[2018.01.06-17.30.57:003][350]LogModuleManager: Shutting down and abandoning module CookedIterativeFile (8)
[2018.01.06-17.30.57:003][350]LogModuleManager: Shutting down and abandoning module StreamingFile (6)
[2018.01.06-17.30.57:003][350]LogModuleManager: Shutting down and abandoning module SandboxFile (4)
[2018.01.06-17.30.57:003][350]LogModuleManager: Shutting down and abandoning module PakFile (2)
[2018.01.06-17.30.57:012][350]LogExit: Exiting.
[2018.01.06-17.30.57:034][350]Log file closed, 01/06/18 18:30:57
