Log file open, 01/08/18 22:14:30
LogWindows: Failed to load 'aqProf.dll' (GetLastError=126)
LogWindows: File 'aqProf.dll' does not exist
LogWindows: Failed to load 'VtuneApi.dll' (GetLastError=126)
LogWindows: File 'VtuneApi.dll' does not exist
LogWindows: Failed to load 'VtuneApi32e.dll' (GetLastError=126)
LogWindows: File 'VtuneApi32e.dll' does not exist
LogInit: Display: Running engine for game: MenuGame
LogPlatformFile: Not using cached read wrapper
LogInit: Display: RandInit(-1590638735) SRandInit(-1590638735).
LogInit: Read version file with build ID '3709383'
LogInit: Overriding engine version to CL 3794801, compatible CL 3709383
LogInit: Registered custom module enumerator with build ID '3709383'
LogTaskGraph: Started task graph with 5 named threads and 20 total threads with 3 sets of task threads.
LogStats: Stats thread started at 0.695962
LogD3D11RHI: Aftermath initialized
LogModuleManager: Display: Found up-to-date module file ../../../Engine/Plugins/2D/Paper2D/Binaries/Win64/UE4Editor-Paper2D.dll (API version 3709383).
LogModuleManager: Display: Found up-to-date module file ../../../Engine/Plugins/2D/Paper2D/Binaries/Win64/UE4Editor-Paper2DEditor.dll (API version 3709383).
LogModuleManager: Display: Found up-to-date module file ../../../Engine/Plugins/2D/Paper2D/Binaries/Win64/UE4Editor-PaperSpriteSheetImporter.dll (API version 3709383).
LogModuleManager: Display: Found up-to-date module file ../../../Engine/Plugins/2D/Paper2D/Binaries/Win64/UE4Editor-PaperTiledImporter.dll (API version 3709383).
LogModuleManager: Display: Found up-to-date module file ../../../Engine/Plugins/2D/Paper2D/Binaries/Win64/UE4Editor-SmartSnapping.dll (API version 3709383).
LogModuleManager: Display: Found up-to-date module file ../../../Engine/Plugins/Blendables/LightPropagationVolume/Binaries/Win64/UE4Editor-LightPropagationVolumeRuntime.dll (API version 3709383).
LogModuleManager: Display: Found up-to-date module file ../../../Engine/Plugins/Blendables/LightPropagationVolume/Binaries/Win64/UE4Editor-LightPropagationVolumeEditor.dll (API version 3709383).
LogModuleManager: Display: Found up-to-date module file ../../../Engine/Plugins/Developer/GitSourceControl/Binaries/Win64/UE4Editor-GitSourceControl.dll (API version 3709383).
LogModuleManager: Display: Found up-to-date module file ../../../Engine/Plugins/Developer/PerforceSourceControl/Binaries/Win64/UE4Editor-PerforceSourceControl.dll (API version 3709383).
LogModuleManager: Display: Found up-to-date module file ../../../Engine/Plugins/Developer/SubversionSourceControl/Binaries/Win64/UE4Editor-SubversionSourceControl.dll (API version 3709383).
LogModuleManager: Display: Found up-to-date module file ../../../Engine/Plugins/Developer/UObjectPlugin/Binaries/Win64/UE4Editor-UObjectPlugin.dll (API version 3709383).
LogModuleManager: Display: Found up-to-date module file ../../../Engine/Plugins/Developer/VisualStudioCodeSourceCodeAccess/Binaries/Win64/UE4Editor-VisualStudioCodeSourceCodeAccess.dll (API version 3709383).
LogModuleManager: Display: Found up-to-date module file ../../../Engine/Plugins/Developer/VisualStudioSourceCodeAccess/Binaries/Win64/UE4Editor-VisualStudioSourceCodeAccess.dll (API version 3709383).
LogModuleManager: Display: Found up-to-date module file ../../../Engine/Plugins/Editor/AssetManagerEditor/Binaries/Win64/UE4Editor-AssetManagerEditor.dll (API version 3709383).
LogModuleManager: Display: Found up-to-date module file ../../../Engine/Plugins/Editor/AudioCapture/Binaries/Win64/UE4Editor-AudioCapture.dll (API version 3709383).
LogModuleManager: Display: Found up-to-date module file ../../../Engine/Plugins/Editor/FacialAnimation/Binaries/Win64/UE4Editor-FacialAnimation.dll (API version 3709383).
LogModuleManager: Display: Found up-to-date module file ../../../Engine/Plugins/Editor/FacialAnimation/Binaries/Win64/UE4Editor-FacialAnimationEditor.dll (API version 3709383).
LogModuleManager: Display: Found up-to-date module file ../../../Engine/Plugins/Editor/GameplayTagsEditor/Binaries/Win64/UE4Editor-GameplayTagsEditor.dll (API version 3709383).
LogModuleManager: Display: Found up-to-date module file ../../../Engine/Plugins/Editor/MobileLauncherProfileWizard/Binaries/Win64/UE4Editor-MobileLauncherProfileWizard.dll (API version 3709383).
LogModuleManager: Display: Found up-to-date module file ../../../Engine/Plugins/Editor/PluginBrowser/Binaries/Win64/UE4Editor-PluginBrowser.dll (API version 3709383).
LogModuleManager: Display: Found up-to-date module file ../../../Engine/Plugins/Editor/SpeedTreeImporter/Binaries/Win64/UE4Editor-SpeedTreeImporter.dll (API version 3709383).
LogModuleManager: Display: Found up-to-date module file ../../../Engine/Plugins/Experimental/AlembicImporter/Binaries/Win64/UE4Editor-AlembicImporter.dll (API version 3709383).
LogModuleManager: Display: Found up-to-date module file ../../../Engine/Plugins/Experimental/AlembicImporter/Binaries/Win64/UE4Editor-AlembicLibrary.dll (API version 3709383).
LogModuleManager: Display: Found up-to-date module file ../../../Engine/Plugins/Experimental/CharacterAI/Binaries/Win64/UE4Editor-CharacterAI.dll (API version 3709383).
LogModuleManager: Display: Found up-to-date module file ../../../Engine/Plugins/Experimental/HTML5Networking/Binaries/Win64/UE4Editor-HTML5Networking.dll (API version 3709383).
LogModuleManager: Display: Found up-to-date module file ../../../Engine/Plugins/Media/AndroidMedia/Binaries/Win64/UE4Editor-AndroidMediaEditor.dll (API version 3709383).
LogModuleManager: Display: Found up-to-date module file ../../../Engine/Plugins/Media/AndroidMedia/Binaries/Win64/UE4Editor-AndroidMediaFactory.dll (API version 3709383).
LogModuleManager: Display: Found up-to-date module file ../../../Engine/Plugins/Media/AvfMedia/Binaries/Win64/UE4Editor-AvfMediaEditor.dll (API version 3709383).
LogModuleManager: Display: Found up-to-date module file ../../../Engine/Plugins/Media/AvfMedia/Binaries/Win64/UE4Editor-AvfMediaFactory.dll (API version 3709383).
LogModuleManager: Display: Found up-to-date module file ../../../Engine/Plugins/Media/AvfMedia/Binaries/Win64/UE4Editor-AvfMediaFactory.dll (API version 3709383).
LogModuleManager: Display: Found up-to-date module file ../../../Engine/Plugins/Media/ImgMedia/Binaries/Win64/UE4Editor-ImgMedia.dll (API version 3709383).
LogModuleManager: Display: Found up-to-date module file ../../../Engine/Plugins/Media/ImgMedia/Binaries/Win64/UE4Editor-ImgMediaEditor.dll (API version 3709383).
LogModuleManager: Display: Found up-to-date module file ../../../Engine/Plugins/Media/ImgMedia/Binaries/Win64/UE4Editor-ImgMediaFactory.dll (API version 3709383).
LogModuleManager: Display: Found up-to-date module file ../../../Engine/Plugins/Media/ImgMedia/Binaries/Win64/UE4Editor-ImgMediaFactory.dll (API version 3709383).
LogModuleManager: Display: Found up-to-date module file ../../../Engine/Plugins/Media/ImgMedia/Binaries/Win64/UE4Editor-OpenExrWrapper.dll (API version 3709383).
LogModuleManager: Display: Found up-to-date module file ../../../Engine/Plugins/Media/MediaCompositing/Binaries/Win64/UE4Editor-MediaCompositing.dll (API version 3709383).
LogModuleManager: Display: Found up-to-date module file ../../../Engine/Plugins/Media/MediaCompositing/Binaries/Win64/UE4Editor-MediaCompositingEditor.dll (API version 3709383).
LogModuleManager: Display: Found up-to-date module file ../../../Engine/Plugins/Media/MediaPlayerEditor/Binaries/Win64/UE4Editor-MediaPlayerEditor.dll (API version 3709383).
LogModuleManager: Display: Found up-to-date module file ../../../Engine/Plugins/Media/WmfMedia/Binaries/Win64/UE4Editor-WmfMedia.dll (API version 3709383).
LogModuleManager: Display: Found up-to-date module file ../../../Engine/Plugins/Media/WmfMedia/Binaries/Win64/UE4Editor-WmfMediaEditor.dll (API version 3709383).
LogModuleManager: Display: Found up-to-date module file ../../../Engine/Plugins/Media/WmfMedia/Binaries/Win64/UE4Editor-WmfMediaFactory.dll (API version 3709383).
LogModuleManager: Display: Found up-to-date module file ../../../Engine/Plugins/Media/WmfMedia/Binaries/Win64/UE4Editor-WmfMediaFactory.dll (API version 3709383).
LogModuleManager: Display: Found up-to-date module file ../../../Engine/Plugins/Messaging/TcpMessaging/Binaries/Win64/UE4Editor-TcpMessaging.dll (API version 3709383).
LogModuleManager: Display: Found up-to-date module file ../../../Engine/Plugins/Messaging/UdpMessaging/Binaries/Win64/UE4Editor-UdpMessaging.dll (API version 3709383).
LogModuleManager: Display: Found up-to-date module file ../../../Engine/Plugins/MovieScene/ActorSequence/Binaries/Win64/UE4Editor-ActorSequence.dll (API version 3709383).
LogModuleManager: Display: Found up-to-date module file ../../../Engine/Plugins/MovieScene/LevelSequenceEditor/Binaries/Win64/UE4Editor-LevelSequenceEditor.dll (API version 3709383).
LogModuleManager: Display: Found up-to-date module file ../../../Engine/Plugins/MovieScene/MatineeToLevelSequence/Binaries/Win64/UE4Editor-MatineeToLevelSequence.dll (API version 3709383).
LogModuleManager: Display: Found up-to-date module file ../../../Engine/Plugins/Online/OnlineSubsystem/Binaries/Win64/UE4Editor-OnlineSubsystem.dll (API version 3709383).
LogModuleManager: Display: Found up-to-date module file ../../../Engine/Plugins/Runtime/AndroidPermission/Binaries/Win64/UE4Editor-AndroidPermission.dll (API version 3709383).
LogModuleManager: Display: Found up-to-date module file ../../../Engine/Plugins/Online/OnlineSubsystemNull/Binaries/Win64/UE4Editor-OnlineSubsystemNull.dll (API version 3709383).
LogModuleManager: Display: Found up-to-date module file ../../../Engine/Plugins/Online/OnlineSubsystemUtils/Binaries/Win64/UE4Editor-OnlineSubsystemUtils.dll (API version 3709383).
LogModuleManager: Display: Found up-to-date module file ../../../Engine/Plugins/Online/OnlineSubsystemUtils/Binaries/Win64/UE4Editor-OnlineBlueprintSupport.dll (API version 3709383).
LogModuleManager: Display: Found up-to-date module file ../../../Engine/Plugins/Runtime/AndroidDeviceProfileSelector/Binaries/Win64/UE4Editor-AndroidDeviceProfileSelector.dll (API version 3709383).
LogModuleManager: Display: Found up-to-date module file ../../../Engine/Plugins/Runtime/AppleARKit/Binaries/Win64/UE4Editor-AppleARKit.dll (API version 3709383).
LogModuleManager: Display: Found up-to-date module file ../../../Engine/Plugins/Runtime/ArchVisCharacter/Binaries/Win64/UE4Editor-ArchVisCharacter.dll (API version 3709383).
LogModuleManager: Display: Found up-to-date module file ../../../Engine/Plugins/Runtime/CableComponent/Binaries/Win64/UE4Editor-CableComponent.dll (API version 3709383).
LogModuleManager: Display: Found up-to-date module file ../../../Engine/Plugins/Runtime/CustomMeshComponent/Binaries/Win64/UE4Editor-CustomMeshComponent.dll (API version 3709383).
LogModuleManager: Display: Found up-to-date module file ../../../Engine/Plugins/Runtime/ExampleDeviceProfileSelector/Binaries/Win64/UE4Editor-ExampleDeviceProfileSelector.dll (API version 3709383).
LogModuleManager: Display: Found up-to-date module file ../../../Engine/Plugins/Runtime/ImmediatePhysics/Binaries/Win64/UE4Editor-ImmediatePhysics.dll (API version 3709383).
LogModuleManager: Display: Found up-to-date module file ../../../Engine/Plugins/Runtime/ImmediatePhysics/Binaries/Win64/UE4Editor-ImmediatePhysicsEditor.dll (API version 3709383).
LogModuleManager: Display: Found up-to-date module file ../../../Engine/Plugins/Runtime/LocationServicesBPLibrary/Binaries/Win64/UE4Editor-LocationServicesBPLibrary.dll (API version 3709383).
LogModuleManager: Display: Found up-to-date module file ../../../Engine/Plugins/Runtime/MobilePatchingUtils/Binaries/Win64/UE4Editor-MobilePatchingUtils.dll (API version 3709383).
LogModuleManager: Display: Found up-to-date module file ../../../Engine/Plugins/Runtime/Oculus/OculusVR/Binaries/Win64/UE4Editor-OculusHMD.dll (API version 3709383).
LogModuleManager: Display: Found up-to-date module file ../../../Engine/Plugins/Runtime/Oculus/OculusVR/Binaries/Win64/UE4Editor-OculusInput.dll (API version 3709383).
LogModuleManager: Display: Found up-to-date module file ../../../Engine/Plugins/Runtime/Oculus/OculusVR/Binaries/Win64/UE4Editor-OculusEditor.dll (API version 3709383).
LogModuleManager: Display: Found up-to-date module file ../../../Engine/Plugins/Runtime/PhysXVehicles/Binaries/Win64/UE4Editor-PhysXVehicles.dll (API version 3709383).
LogModuleManager: Display: Found up-to-date module file ../../../Engine/Plugins/Runtime/PhysXVehicles/Binaries/Win64/UE4Editor-PhysXVehiclesEditor.dll (API version 3709383).
LogModuleManager: Display: Found up-to-date module file ../../../Engine/Plugins/Runtime/ProceduralMeshComponent/Binaries/Win64/UE4Editor-ProceduralMeshComponent.dll (API version 3709383).
LogModuleManager: Display: Found up-to-date module file ../../../Engine/Plugins/Runtime/ProceduralMeshComponent/Binaries/Win64/UE4Editor-ProceduralMeshComponentEditor.dll (API version 3709383).
LogModuleManager: Display: Found up-to-date module file ../../../Engine/Plugins/Runtime/RuntimePhysXCooking/Binaries/Win64/UE4Editor-RuntimePhysXCooking.dll (API version 3709383).
LogModuleManager: Display: Found up-to-date module file ../../../Engine/Plugins/Runtime/Steam/SteamVR/Binaries/Win64/UE4Editor-SteamVR.dll (API version 3709383).
LogModuleManager: Display: Found up-to-date module file ../../../Engine/Plugins/Runtime/Steam/SteamVR/Binaries/Win64/UE4Editor-SteamVRController.dll (API version 3709383).
LogModuleManager: Display: Found up-to-date module file ../../../Engine/Plugins/Runtime/WindowsMoviePlayer/Binaries/Win64/UE4Editor-WindowsMoviePlayer.dll (API version 3709383).
LogPluginManager: Mounting plugin Paper2D
LogPluginManager: Mounting plugin LightPropagationVolume
LogPluginManager: Mounting plugin CodeLiteSourceCodeAccess
LogPluginManager: Mounting plugin GitSourceControl
LogPluginManager: Mounting plugin KDevelopSourceCodeAccess
LogPluginManager: Mounting plugin NullSourceCodeAccess
LogPluginManager: Mounting plugin PerforceSourceControl
LogPluginManager: Mounting plugin SubversionSourceControl
LogPluginManager: Mounting plugin UObjectPlugin
LogPluginManager: Mounting plugin VisualStudioCodeSourceCodeAccess
LogPluginManager: Mounting plugin VisualStudioSourceCodeAccess
LogPluginManager: Mounting plugin XCodeSourceCodeAccess
LogPluginManager: Mounting plugin AssetManagerEditor
LogPluginManager: Mounting plugin AudioCapture
LogPluginManager: Mounting plugin FacialAnimation
LogPluginManager: Mounting plugin GameplayTagsEditor
LogPluginManager: Mounting plugin MobileLauncherProfileWizard
LogPluginManager: Mounting plugin PluginBrowser
LogPluginManager: Mounting plugin SpeedTreeImporter
LogPluginManager: Mounting plugin AlembicImporter
LogPluginManager: Mounting plugin CharacterAI
LogPluginManager: Mounting plugin HTML5Networking
LogPluginManager: Mounting plugin AndroidMedia
LogPluginManager: Mounting plugin AvfMedia
LogPluginManager: Mounting plugin ImgMedia
LogPluginManager: Mounting plugin MediaCompositing
LogPluginManager: Mounting plugin MediaPlayerEditor
LogPluginManager: Mounting plugin WmfMedia
LogPluginManager: Mounting plugin TcpMessaging
LogPluginManager: Mounting plugin UdpMessaging
LogPluginManager: Mounting plugin ActorSequence
LogPluginManager: Mounting plugin LevelSequenceEditor
LogPluginManager: Mounting plugin MatineeToLevelSequence
LogPluginManager: Mounting plugin OnlineSubsystemGooglePlay
LogPluginManager: Mounting plugin OnlineSubsystemIOS
LogPluginManager: Mounting plugin OnlineSubsystem
LogPluginManager: Mounting plugin OnlineSubsystemNull
LogPluginManager: Mounting plugin OnlineSubsystemUtils
LogPluginManager: Mounting plugin AndroidDeviceProfileSelector
LogPluginManager: Mounting plugin AndroidMoviePlayer
LogPluginManager: Mounting plugin AndroidPermission
LogPluginManager: Mounting plugin AppleARKit
LogPluginManager: Mounting plugin AppleMoviePlayer
LogPluginManager: Mounting plugin ArchVisCharacter
LogPluginManager: Mounting plugin CableComponent
LogPluginManager: Mounting plugin CustomMeshComponent
LogPluginManager: Mounting plugin ExampleDeviceProfileSelector
LogPluginManager: Mounting plugin GoogleCloudMessaging
LogPluginManager: Mounting plugin ImmediatePhysics
LogPluginManager: Mounting plugin IOSDeviceProfileSelector
LogPluginManager: Mounting plugin LinuxDeviceProfileSelector
LogPluginManager: Mounting plugin LocationServicesBPLibrary
LogPluginManager: Mounting plugin MobilePatchingUtils
LogPluginManager: Mounting plugin OculusVR
LogPluginManager: Plugin shader directory ../../../Engine/Plugins/Runtime/Oculus/OculusVR/Shaders found
LogPluginManager: Mapping shader source directory ../../../Engine/Plugins/Runtime/Oculus/OculusVR/Shaders to virtual directory /Plugin/OculusVR
LogPluginManager: Mounting plugin PhysXVehicles
LogPluginManager: Mounting plugin ProceduralMeshComponent
LogPluginManager: Mounting plugin RuntimePhysXCooking
LogPluginManager: Mounting plugin SteamVR
LogPluginManager: Mounting plugin WindowsMoviePlayer
LogInit: Using libcurl 7.47.1
LogInit:  - built for x86_64-pc-win32
LogInit:  - supports SSL with OpenSSL/1.0.2g
LogInit:  - supports HTTP deflate (compression) using libz 1.2.8
LogInit:  - other features:
LogInit:      CURL_VERSION_SSL
LogInit:      CURL_VERSION_LIBZ
LogInit:      CURL_VERSION_IPV6
LogInit:      CURL_VERSION_ASYNCHDNS
LogInit:      CURL_VERSION_LARGEFILE
LogInit:      CURL_VERSION_IDN
LogInit:  CurlRequestOptions (configurable via config and command line):
LogInit:  - bVerifyPeer = false  - Libcurl will NOT verify peer certificate
LogInit:  - bUseHttpProxy = false  - Libcurl will NOT use HTTP proxy
LogInit:  - bDontReuseConnections = false  - Libcurl will reuse connections
LogInit:  - CertBundlePath = nullptr  - Libcurl will use whatever was configured at build time.
LogInit: Build: ++UE4+Release-4.18-CL-3794801
LogInit: Engine Version: 4.18.2-3794801+++UE4+Release-4.18
LogInit: Compatible Engine Version: 4.18.0-3709383+++UE4+Release-4.18
LogInit: Net CL: 3709383
LogDevObjectVersion: Number of dev versions registered: 16
LogDevObjectVersion:   Dev-Blueprints (B0D832E4-1F89-4F0D-ACCF-7EB736FD4AA2): 10
LogDevObjectVersion:   Dev-Build (E1C64328-A22C-4D53-A36C-8E866417BD8C): 0
LogDevObjectVersion:   Dev-Core (375EC13C-06E4-48FB-B500-84F0262A717E): 2
LogDevObjectVersion:   Dev-Editor (E4B068ED-F494-42E9-A231-DA0B2E46BB41): 20
LogDevObjectVersion:   Dev-Framework (CFFC743F-43B0-4480-9391-14DF171D2073): 30
LogDevObjectVersion:   Dev-Mobile (B02B49B5-BB20-44E9-A304-32B752E40360): 0
LogDevObjectVersion:   Dev-Networking (A4E4105C-59A1-49B5-A7C5-40C4547EDFEE): 0
LogDevObjectVersion:   Dev-Online (39C831C9-5AE6-47DC-9A44-9C173E1C8E7C): 0
LogDevObjectVersion:   Dev-Physics (78F01B33-EBEA-4F98-B9B4-84EACCB95AA2): 0
LogDevObjectVersion:   Dev-Platform (6631380F-2D4D-43E0-8009-CF276956A95A): 0
LogDevObjectVersion:   Dev-Rendering (12F88B9F-8875-4AFC-A67C-D90C383ABD29): 20
LogDevObjectVersion:   Dev-Sequencer (7B5AE74C-D270-4C10-A958-57980B212A5A): 4
LogDevObjectVersion:   Dev-VR (D7296918-1DD6-4BDD-9DE2-64A83CC13884): 0
LogDevObjectVersion:   Dev-LoadTimes (C2A15278-BFE7-4AFE-6C17-90FF531DF755): 1
LogDevObjectVersion:   Private-Geometry (6EACA3D4-40EC-4CC1-B786-8BED09428FC5): 1
LogDevObjectVersion:   Dev-AnimPhys (29E575DD-E0A3-4627-9D10-D276232CDCEA): 12
LogInit: Compiled (64-bit): Dec  8 2017 02:04:53
LogInit: Compiled with Visual C++: 19.00.24215.01
LogInit: Build Configuration: Development
LogInit: Branch Name: ++UE4+Release-4.18
LogInit: Command line:  
LogInit: Base directory: C:/Program Files/Epic Games/UE_4.18/Engine/Binaries/Win64/
LogInit: Installed Engine Build: 1
LogInit: Presizing for max 8388607 objects, including 0 objects not considered by GC, pre-allocating 0 bytes for permanent pool.
LogInit: Object subsystem initialized
[2018.01.08-21.14.31:772][  0]LogInit: Selected Device Profile: [Windows]
[2018.01.08-21.14.31:772][  0]LogInit: Applying CVar settings loaded from the selected device profile: [Windows]
[2018.01.08-21.14.31:810][  0]LogInit: Computer: OLI-PC
[2018.01.08-21.14.31:810][  0]LogInit: User: oli
[2018.01.08-21.14.31:810][  0]LogInit: CPU Page size=4096, Cores=6
[2018.01.08-21.14.31:810][  0]LogInit: High frequency timer resolution =3.486563 MHz
[2018.01.08-21.14.31:811][  0]LogMemory: Memory total: Physical=31.9GB (32GB approx)
[2018.01.08-21.14.31:811][  0]LogMemory: Platform Memory Stats for Windows
[2018.01.08-21.14.31:811][  0]LogMemory: Process Physical Memory: 276.16 MB used, 276.16 MB peak
[2018.01.08-21.14.31:811][  0]LogMemory: Process Virtual Memory: 270.24 MB used, 270.24 MB peak
[2018.01.08-21.14.31:811][  0]LogMemory: Physical Memory: 3418.04 MB used,  29259.56 MB free, 32677.61 MB total
[2018.01.08-21.14.31:811][  0]LogMemory: Virtual Memory: 683.83 MB used,  29259.56 MB free, 134217728.00 MB total
[2018.01.08-21.14.32:188][  0]LogInit: Using OS detected language (fr-FR).
[2018.01.08-21.14.32:188][  0]LogInit: Using OS detected locale (fr-CH).
[2018.01.08-21.14.32:263][  0]LogTextLocalizationManager: No localization for 'fr-FR' exists, so 'en' will be used for the language.
[2018.01.08-21.14.32:264][  0]LogTextLocalizationManager: No localization for 'fr-CH' exists, so 'en' will be used for the locale.
[2018.01.08-21.14.32:777][  0]LogInit: Setting process to per monitor DPI aware
[2018.01.08-21.14.34:768][  0]LogD3D11RHI: D3D11 adapters:
[2018.01.08-21.14.35:543][  0]LogD3D11RHI:    0. 'NVIDIA GeForce GTX 1080 Ti' (Feature Level 11_0)
[2018.01.08-21.14.35:543][  0]LogD3D11RHI:       11132/0/16338 MB DedicatedVideo/DedicatedSystem/SharedSystem, Outputs:3, VendorId:0x10de
[2018.01.08-21.14.35:545][  0]LogD3D11RHI:    1. 'Microsoft Basic Render Driver' (Feature Level 11_0)
[2018.01.08-21.14.35:545][  0]LogD3D11RHI:       0/0/16338 MB DedicatedVideo/DedicatedSystem/SharedSystem, Outputs:0, VendorId:0x1414
[2018.01.08-21.14.35:545][  0]LogD3D11RHI: Chosen D3D11 Adapter: 0
[2018.01.08-21.14.35:551][  0]LogD3D11RHI: Creating new Direct3DDevice
[2018.01.08-21.14.35:551][  0]LogD3D11RHI:     GPU DeviceId: 0x1b06 (for the marketing name, search the web for "GPU Device Id")
[2018.01.08-21.14.35:551][  0]LogWindows: EnumDisplayDevices:
[2018.01.08-21.14.35:552][  0]LogWindows:    0. 'NVIDIA GeForce GTX 1080 Ti' (P:1 D:1)
[2018.01.08-21.14.35:552][  0]LogWindows:    1. 'NVIDIA GeForce GTX 1080 Ti' (P:0 D:1)
[2018.01.08-21.14.35:552][  0]LogWindows:    2. 'NVIDIA GeForce GTX 1080 Ti' (P:0 D:1)
[2018.01.08-21.14.35:552][  0]LogWindows:    3. 'NVIDIA GeForce GTX 1080 Ti' (P:0 D:0)
[2018.01.08-21.14.35:552][  0]LogWindows: DebugString: GetVideoDriverDetailsInvalid PrimaryIsNotTheChoosenAdapter GetVideoDriverDetailsInvalid PrimaryIsNotTheChoosenAdapter GetVideoDriverDetailsInvalid PrimaryIsNotTheChoosenAdapter GetVideoDriverDetailsInvalid PrimaryIsNotTheChoosenAdapter FoundDriverCount:0 
[2018.01.08-21.14.35:552][  0]LogD3D11RHI:     Adapter Name: NVIDIA GeForce GTX 1080 Ti
[2018.01.08-21.14.35:552][  0]LogD3D11RHI:   Driver Version: Unknown (internal:Unknown, unified:Unknown)
[2018.01.08-21.14.35:552][  0]LogD3D11RHI:      Driver Date: Unknown
[2018.01.08-21.14.35:552][  0]LogRHI: Texture pool is 7792 MB (70% of 11132 MB)
[2018.01.08-21.14.35:722][  0]LogD3D11RHI: Async texture creation enabled
[2018.01.08-21.14.35:748][  0]LogD3D11RHI: GPU Timing Frequency: 1000.000000 (Debug: 2 1)
[2018.01.08-21.14.35:852][  0]LogShaderCompilers: Guid format shader working directory is 25 characters bigger than the processId version (D:/MenuGame/MenuGame/Intermediate/Shaders/WorkingDirectory/268/).
[2018.01.08-21.14.35:852][  0]LogShaderCompilers: Cleaned the shader compiler working directory 'C:/Users/oli/AppData/Local/Temp/UnrealShaderWorkingDir/68B651A344995F6010DB5DB4FCC8D0A4/'.
[2018.01.08-21.14.35:853][  0]LogShaderCompilers: Display: Using Local Shader Compiler.
[2018.01.08-21.14.38:068][  0]LogTemp: Display: Loaded TP AllDesktopTargetPlatform
[2018.01.08-21.14.38:137][  0]LogTemp: Display: Loaded TP MacClientTargetPlatform
[2018.01.08-21.14.38:232][  0]LogTemp: Display: Loaded TP MacNoEditorTargetPlatform
[2018.01.08-21.14.38:309][  0]LogTemp: Display: Loaded TP MacServerTargetPlatform
[2018.01.08-21.14.38:405][  0]LogTemp: Display: Loaded TP MacTargetPlatform
[2018.01.08-21.14.38:470][  0]LogTemp: Display: Loaded TP WindowsClientTargetPlatform
[2018.01.08-21.14.38:539][  0]LogTemp: Display: Loaded TP WindowsNoEditorTargetPlatform
[2018.01.08-21.14.38:591][  0]LogTemp: Display: Loaded TP WindowsServerTargetPlatform
[2018.01.08-21.14.38:646][  0]LogTemp: Display: Loaded TP WindowsTargetPlatform
[2018.01.08-21.14.38:697][  0]LogTemp: Display: Loaded TP Android_ASTCTargetPlatform
[2018.01.08-21.14.38:757][  0]LogTemp: Display: Loaded TP Android_ATCTargetPlatform
[2018.01.08-21.14.38:811][  0]LogTemp: Display: Loaded TP Android_DXTTargetPlatform
[2018.01.08-21.14.38:861][  0]LogTemp: Display: Loaded TP Android_ETC1TargetPlatform
[2018.01.08-21.14.38:920][  0]LogTemp: Display: Loaded TP Android_ETC2TargetPlatform
[2018.01.08-21.14.39:051][  0]LogTemp: Display: Loaded TP Android_MultiTargetPlatform
[2018.01.08-21.14.39:051][  0]LogTemp: Display: Loaded TP Android_PVRTCTargetPlatform
[2018.01.08-21.14.39:119][  0]LogTemp: Display: Loaded TP AndroidTargetPlatform
[2018.01.08-21.14.39:162][  0]LogTemp: Display: Loaded TP HTML5TargetPlatform
[2018.01.08-21.14.39:263][  0]LogTemp: Display: Loaded TP IOSTargetPlatform
[2018.01.08-21.14.39:286][  0]LogTemp: Display: Loaded TP TVOSTargetPlatform
[2018.01.08-21.14.39:339][  0]LogTemp: Display: Loaded TP LinuxClientTargetPlatform
[2018.01.08-21.14.39:397][  0]LogTemp: Display: Loaded TP LinuxNoEditorTargetPlatform
[2018.01.08-21.14.39:448][  0]LogTemp: Display: Loaded TP LinuxServerTargetPlatform
[2018.01.08-21.14.39:502][  0]LogTemp: Display: Loaded TP LinuxTargetPlatform
[2018.01.08-21.14.39:502][  0]LogTargetPlatformManager: Display: Building Assets For Windows
[2018.01.08-21.14.40:141][  0]LogDerivedDataCache: Display: Max Cache Size: 512 MB
[2018.01.08-21.14.40:487][  0]LogDerivedDataCache: Loaded boot cache 0.35s 92MB C:/Users/oli/AppData/Local/UnrealEngine/4.18/DerivedDataCache/Boot.ddc.
[2018.01.08-21.14.40:487][  0]LogDerivedDataCache: Display: Loaded Boot cache: C:/Users/oli/AppData/Local/UnrealEngine/4.18/DerivedDataCache/Boot.ddc
[2018.01.08-21.14.40:487][  0]LogDerivedDataCache: FDerivedDataBackendGraph:  Pak pak cache file D:/MenuGame/MenuGame/DerivedDataCache/DDC.ddp not found, will not use a pak cache.
[2018.01.08-21.14.40:487][  0]LogDerivedDataCache: Unable to find inner node Pak for hierarchical cache Hierarchy.
[2018.01.08-21.14.40:487][  0]LogDerivedDataCache: FDerivedDataBackendGraph:  CompressedPak pak cache file D:/MenuGame/MenuGame/DerivedDataCache/Compressed.ddp not found, will not use a pak cache.
[2018.01.08-21.14.40:487][  0]LogDerivedDataCache: Unable to find inner node CompressedPak for hierarchical cache Hierarchy.
[2018.01.08-21.14.40:518][  0]LogDerivedDataCache: Display: Pak cache opened for reading ../../../Engine/DerivedDataCache/Compressed.ddp.
[2018.01.08-21.14.40:530][  0]LogDerivedDataCache: Using Local data cache path C:/Users/oli/AppData/Local/UnrealEngine/Common/DerivedDataCache: Writable
[2018.01.08-21.14.40:543][  0]LogMaterial: Verifying Global Shaders for PCD3D_SM5
[2018.01.08-21.14.40:547][  0]LogSlate: Using Freetype 2.6.0
[2018.01.08-21.14.40:564][  0]LogSlate: SlateFontCache - WITH_FREETYPE: 1, WITH_HARFBUZZ: 1
[2018.01.08-21.14.40:564][  0]LogSlate: SlateFontCache - WITH_FREETYPE: 1, WITH_HARFBUZZ: 1
[2018.01.08-21.14.41:347][  0]LogInit: Selected Device Profile: [Windows]
[2018.01.08-21.14.41:918][  0]LogSimplygon: Simplygon DLL not present - disabling.
[2018.01.08-21.14.41:962][  0]LogMeshReduction: Using SimplygonSwarm for distributed automatic mesh merging
[2018.01.08-21.14.41:963][  0]LogMeshReduction: Using QuadricMeshReduction for automatic static mesh reduction
[2018.01.08-21.14.41:963][  0]LogMeshReduction: No automatic skeletal mesh reduction module available
[2018.01.08-21.14.41:963][  0]LogMeshReduction: No automatic mesh merging module available
[2018.01.08-21.14.41:963][  0]LogMeshMerging: No automatic mesh merging module available
[2018.01.08-21.14.42:043][  0]LogNetVersion: MenuGame , NetCL: 3709383, EngineNetVer: 2, GameNetVer: 0 (Checksum: 83452605)
[2018.01.08-21.14.42:421][  0]LogAssetRegistry: FAssetRegistry took 0.0354 seconds to start up
[2018.01.08-21.14.43:420][  0]LogPackageLocalizationCache: Processed 7 localized package path(s) for 1 prioritized culture(s) in 0.027031 seconds
[2018.01.08-21.14.43:424][  0]LogUObjectArray: 35900 objects as part of root set at end of initial load.
[2018.01.08-21.14.43:424][  0]LogUObjectAllocator: 7372024 out of 0 bytes used by permanent object pool.
[2018.01.08-21.14.43:424][  0]LogUObjectArray: CloseDisregardForGC: 0/0 objects in disregard for GC pool
[2018.01.08-21.14.43:494][  0]LogInit: WinSock: version 1.1 (2.2), MaxSocks=32767, MaxUdp=65467
[2018.01.08-21.14.48:307][  0]LogTcpMessaging: Initializing TcpMessaging bridge
[2018.01.08-21.14.48:351][  0]LogUdpMessaging: Initializing bridge on interface 0.0.0.0:0 to multicast group 230.0.0.1:6666.
[2018.01.08-21.14.49:441][  0]LogMaterial: Uniform references updated for custom material expression Custom.
[2018.01.08-21.14.50:044][  0]SourceControl: Source control is disabled
[2018.01.08-21.14.50:045][  0]SourceControl: Source control is disabled
[2018.01.08-21.14.50:139][  0]SourceControl: Source control is disabled
[2018.01.08-21.14.51:372][  0]LogAndroidPermission: UAndroidPermissionCallbackProxy::GetInstance
[2018.01.08-21.14.51:708][  0]LogOcInput: OculusInput pre-init called
[2018.01.08-21.14.52:108][  0]LogEngine: Initializing Engine...
[2018.01.08-21.14.52:112][  0]LogHMD: Failed to initialize OpenVR with code 110
[2018.01.08-21.14.52:528][  0]LogStats: UGameplayTagsManager::ConstructGameplayTagTree: Construct from data asset -  0.000 s
[2018.01.08-21.14.52:528][  0]LogStats: UGameplayTagsManager::ConstructGameplayTagTree: GameplayTagTreeChangedEvent.Broadcast -  0.000 s
[2018.01.08-21.14.52:716][  0]LogAIModule: Creating AISystem for world Untitled
[2018.01.08-21.14.52:740][  0]LogInit: XAudio2 using 'Main Output (Komplete Audio 6 WDM Audio)' : 2 channels at 48 kHz using 32 bits per sample (channel mask 0x3)
[2018.01.08-21.14.52:752][  0]LogInit: FAudioDevice initialized.
[2018.01.08-21.14.52:832][  0]LogDerivedDataCache: Saved boot cache 0.08s 79MB C:/Users/oli/AppData/Local/UnrealEngine/4.18/DerivedDataCache/Boot.ddc.
[2018.01.08-21.14.52:845][  0]LogInit: Texture streaming: Enabled
[2018.01.08-21.14.52:970][  0]LogEngineSessionManager: EngineSessionManager initialized
[2018.01.08-21.14.53:119][  0]LogInit: Transaction tracking system initialized
[2018.01.08-21.14.53:471][  0]BlueprintLog: New page: Editor Load
[2018.01.08-21.14.54:549][  0]LocalizationService: Localization service is disabled
[2018.01.08-21.14.55:455][  0]LogConsoleResponse: Display: 
[2018.01.08-21.14.56:106][  0]LogCook: Display: Max memory allowance for cook 16384mb min free memory 0mb
[2018.01.08-21.14.56:106][  0]LogCook: Display: Mobile HDR setting 1
[2018.01.08-21.14.56:107][  0]LogGameplayTags: Display: UGameplayTagsManager::DoneAddingNativeTags. DelegateIsBound: 0
[2018.01.08-21.14.56:362][  0]LogFileCache: Scanning file cache for directory 'D:/MenuGame/MenuGame/Content/' took 0.02s
[2018.01.08-21.14.57:440][  0]LogSourceControl: Attempting "svn info --xml "D:/MenuGame/MenuGame/" --non-interactive --trust-server-cert --username oli --password ********"
[2018.01.08-21.14.57:588][  0]LogSourceControl: Unable to detect system-level svn binary.
[2018.01.08-21.14.57:588][  0]LogSourceControl: Using path C:/Program Files/Epic Games/UE_4.18/Engine/Binaries/ThirdParty/svn/Win64/svn.exe for svn operations
[2018.01.08-21.14.57:723][  0]SourceControl: Warning: Successfully connected to repository D:/SVN/Repo/SVNUE4Project/trunk
[2018.01.08-21.14.57:725][  0]Cmd: MAP LOAD FILE="D:/MenuGame/MenuGame/Content/VirtualRealityBP/Maps/MenuMap.umap" TEMPLATE=0 SHOWPROGRESS=1 FEATURELEVEL=3
[2018.01.08-21.14.57:725][  0]LightingResults: New page: Lighting Build
[2018.01.08-21.14.57:766][  0]MapCheck: New page: Map Check
[2018.01.08-21.14.57:766][  0]LightingResults: New page: Lighting Build
[2018.01.08-21.14.58:800][  0]LogAIModule: Creating AISystem for world MenuMap
[2018.01.08-21.14.58:819][  0]LogEditorServer: Finished looking for orphan Actors (0.000 secs)
[2018.01.08-21.14.58:847][  0]Cmd: MAP CHECKDEP NOCLEARLOG
[2018.01.08-21.14.58:901][  0]MapCheck: Map check complete: 0 Error(s), 0 Warning(s), took 53.22ms to complete.
[2018.01.08-21.14.58:901][  0]LogFileHelpers: Loading map 'MenuMap' took 1.177
[2018.01.08-21.14.59:200][  0]LogSourceControl: Attempting "svn info "D:/MenuGame/MenuGame/" --xml --non-interactive --trust-server-cert --username oli --password ********"
[2018.01.08-21.14.59:200][  0]LogCollectionManager: Loaded 0 collections in 0.001592 seconds
[2018.01.08-21.14.59:293][  0]LogFileCache: Scanning file cache for directory 'D:/MenuGame/MenuGame/Saved/Collections/' took 0.01s
[2018.01.08-21.14.59:293][  0]LogSourceControl: Attempting "svn status --show-updates --verbose --xml "D:/MenuGame/MenuGame/" --non-interactive --trust-server-cert --username oli --password ********"
[2018.01.08-21.14.59:293][  0]LogFileCache: Scanning file cache for directory 'D:/MenuGame/MenuGame/Content/Developers/oli/Collections/' took 0.01s
[2018.01.08-21.14.59:293][  0]LogFileCache: Scanning file cache for directory 'D:/MenuGame/MenuGame/Content/Collections/' took 0.00s
[2018.01.08-21.14.59:293][  0]LogCollectionManager: Rebuilt the GUID cache for 0 collections in 0.000000 seconds
[2018.01.08-21.14.59:302][  0]LogContentBrowser: Native class hierarchy populated in 0.0084 seconds. Added 2363 classes and 519 folders.
[2018.01.08-21.14.59:376][  0]LogContentBrowser: Native class hierarchy updated for 'WidgetCarousel' in 0.0002 seconds. Added 0 classes and 0 folders.
[2018.01.08-21.14.59:718][  0]LogContentBrowser: Native class hierarchy updated for 'AddContentDialog' in 0.0002 seconds. Added 0 classes and 0 folders.
[2018.01.08-21.14.59:769][  0]LogContentBrowser: Native class hierarchy updated for 'SceneOutliner' in 0.0006 seconds. Added 1 classes and 2 folders.
[2018.01.08-21.14.59:954][  0]LogSlate: Took 0.009755 seconds to synchronously load lazily loaded font '../../../Engine/Content/Slate/Fonts/Roboto-Regular.ttf' (155K)
[2018.01.08-21.14.59:966][  0]LogSlate: Took 0.008347 seconds to synchronously load lazily loaded font '../../../Engine/Content/Slate/Fonts/Roboto-Bold.ttf' (160K)
[2018.01.08-21.14.59:980][  0]LogSlate: Took 0.008890 seconds to synchronously load lazily loaded font '../../../Engine/Content/Editor/Slate/Fonts/FontAwesome.ttf' (139K)
[2018.01.08-21.15.00:136][  0]LogRenderer: Reallocating scene render targets to support 1208x560 Format 26 NumSamples 1 (Frame:1).
[2018.01.08-21.15.00:322][  0]LogContentBrowser: Native class hierarchy updated for 'HierarchicalLODOutliner' in 0.0006 seconds. Added 1 classes and 2 folders.
[2018.01.08-21.15.00:323][  0]LogLoad: (Engine Initialization) Total time: 33.15 seconds
[2018.01.08-21.15.00:323][  0]LogLoad: (Engine Initialization) Total Blueprint compile time: 0.00 seconds
[2018.01.08-21.15.00:323][  0]LogExternalProfiler: Found external profiler: VSPerf
[2018.01.08-21.15.00:323][  0]LogExternalProfiler: Using external profiler: VSPerf
[2018.01.08-21.15.00:353][  0]LogContentStreaming: Texture pool size now 1000 MB
[2018.01.08-21.15.00:415][  0]LogSlate: Took 0.004679 seconds to synchronously load lazily loaded font '../../../Engine/Content/Slate/Fonts/Roboto-Light.ttf' (159K)
[2018.01.08-21.15.00:443][  1]LogAssetRegistry: Asset discovery search completed in 18.0448 seconds
[2018.01.08-21.15.00:444][  1]LogCollectionManager: Rebuilt the object cache for 0 collections in 0.000001 seconds (found 0 objects)
[2018.01.08-21.15.00:444][  1]LogCollectionManager: Fixed up redirectors for 0 collections in 0.000046 seconds (updated 0 objects)
[2018.01.08-21.15.01:249][ 93]LogSourceControl: Attempting "svn status --show-updates --verbose --xml "D:/MenuGame/MenuGame" --non-interactive --trust-server-cert --username oli --password ********"
[2018.01.08-21.15.21:508][465]LogSlate: Took 0.000136 seconds to synchronously load lazily loaded font '../../../Engine/Content/Slate/Fonts/Roboto-Light.ttf' (159K)
[2018.01.08-21.15.52:830][ 70]LogContentBrowser: Native class hierarchy updated for 'BlueprintGraph' in 0.0005 seconds. Added 116 classes and 0 folders.
[2018.01.08-21.15.53:774][ 70]LogSlate: Took 0.000173 seconds to synchronously load lazily loaded font '../../../Engine/Content/Slate/Fonts/Roboto-Regular.ttf' (155K)
[2018.01.08-21.15.53:901][ 70]LogSlate: Took 0.004207 seconds to synchronously load lazily loaded font '../../../Engine/Content/Editor/Slate/Fonts/Roboto-BoldCondensed.ttf' (158K)
[2018.01.08-21.15.54:048][ 71]LogSlate: Took 0.004264 seconds to synchronously load lazily loaded font '../../../Engine/Content/Editor/Slate/Fonts/Roboto-Italic.ttf' (157K)
[2018.01.08-21.16.15:769][ 34]LogRenderer: Reallocating scene render targets to support 1208x720 Format 26 NumSamples 1 (Frame:1).
[2018.01.08-21.16.33:651][641]LogSourceControl: Attempting "svn status --show-updates --verbose --xml "D:/MenuGame/MenuGame/Content/VirtualRealityBP/Blueprints/BP_MotionController.uasset" --non-interactive --trust-server-cert --username oli --password ********"
[2018.01.08-21.16.44:279][553]LogEditorTransaction: Undo Modify Component(s)
[2018.01.08-21.16.44:305][553]LogSlate: Took 0.000215 seconds to synchronously load lazily loaded font '../../../Engine/Content/Slate/Fonts/Roboto-Light.ttf' (159K)
[2018.01.08-21.17.59:852][895]BlueprintLog: New page: Compile BP_MotionController
[2018.01.08-21.18.00:716][896]LogSourceControl: Attempting "svn status --show-updates --verbose --xml "D:/MenuGame/MenuGame/Content/VirtualRealityBP/Maps/MenuMap.umap" --non-interactive --trust-server-cert --username oli --password ********"
[2018.01.08-21.23.45:526][652]LogSourceControl: Attempting "svn status --show-updates --verbose --xml "D:/MenuGame/MenuGame" --non-interactive --trust-server-cert --username oli --password ********"
[2018.01.08-21.23.47:394][652]LogSourceControl: Attempting "svn status --show-updates --verbose --xml "D:/MenuGame/MenuGame/Content/VirtualRealityBP/Blueprints/BP_MotionController.uasset" --non-interactive --trust-server-cert --username oli --password ********"
[2018.01.08-21.23.47:462][652]LogSourceControl: Attempting "svn lock "D:/MenuGame/MenuGame/Content/VirtualRealityBP/Blueprints/BP_MotionController.uasset" --non-interactive --trust-server-cert --username oli --password ********"
[2018.01.08-21.23.47:559][652]LogSourceControl: Attempting "svn status --show-updates --verbose --xml "D:/MenuGame/MenuGame/Content/VirtualRealityBP/Blueprints/BP_MotionController.uasset" --non-interactive --trust-server-cert --username oli --password ********"
[2018.01.08-21.23.47:614][652]SourceControl: 'BP_MotionController.uasset' locked by user 'oli'.
[2018.01.08-21.23.47:713][652]Cmd: OBJ SAVEPACKAGE PACKAGE="/Game/VirtualRealityBP/Maps/MenuMap" FILE="D:/MenuGame/MenuGame/Content/VirtualRealityBP/Maps/MenuMap.umap" SILENT=true AUTOSAVING=false KEEPDIRTY=false
[2018.01.08-21.23.48:116][652]LogSavePackage: Save=328.24ms
[2018.01.08-21.23.48:116][652]LogSavePackage: Moving 'D:/MenuGame/MenuGame/Saved/MenuMap489DF98E4483314AA954CAAF2C893C71.tmp' to 'D:/MenuGame/MenuGame/Content/VirtualRealityBP/Maps/MenuMap.umap'
[2018.01.08-21.23.48:118][652]LogSavePackage: Display: Finished SavePackage D:/MenuGame/MenuGame/Content/VirtualRealityBP/Maps/MenuMap.umap
[2018.01.08-21.23.48:142][652]LogFileHelpers: Saving map 'MenuMap' took 0.496
[2018.01.08-21.23.48:173][652]Cmd: OBJ SAVEPACKAGE PACKAGE="/Game/VirtualRealityBP/Blueprints/BP_MotionController" FILE="D:/MenuGame/MenuGame/Content/VirtualRealityBP/Blueprints/BP_MotionController.uasset" SILENT=true
[2018.01.08-21.23.48:606][652]LogSavePackage: Save=421.27ms
[2018.01.08-21.23.48:606][652]LogSavePackage: Moving 'D:/MenuGame/MenuGame/Saved/BP_MotionController0EED014D4367B5345572E9A16F181B54.tmp' to 'D:/MenuGame/MenuGame/Content/VirtualRealityBP/Blueprints/BP_MotionController.uasset'
[2018.01.08-21.23.48:609][652]LogSavePackage: Display: Finished SavePackage D:/MenuGame/MenuGame/Content/VirtualRealityBP/Blueprints/BP_MotionController.uasset
[2018.01.08-21.27.13:250][ 84]LogEditorViewport: Clicking on Actor (LMB): BP_StartButton_C (BP_StartButton)
[2018.01.08-21.27.13:262][ 84]LogEditorViewport: Clicking on Component (LMB): StaticMeshComponent (Cube)
[2018.01.08-21.27.45:728][633]LogSourceControl: Attempting "svn status --show-updates --verbose --xml "D:/MenuGame/MenuGame/Content/VirtualRealityBP/Blueprints/MenuBP/BP_StartButton.uasset" --non-interactive --trust-server-cert --username oli --password ********"
[2018.01.08-21.28.55:637][861]BlueprintLog: New page: Compile BP_StartButton
[2018.01.08-21.28.56:127][862]LogSourceControl: Attempting "svn status --show-updates --verbose --xml "D:/MenuGame/MenuGame/Content/VirtualRealityBP/Maps/MenuMap.umap" --non-interactive --trust-server-cert --username oli --password ********"
[2018.01.08-21.29.25:533][966]LogEditorViewport: Clicking on Actor (LMB): BP_PickupCube_C (BP_PickupCube)
[2018.01.08-21.29.54:397][276]LogActorFactory: Actor Factory created Cylinder
[2018.01.08-21.29.56:203][467]LogActorFactory: Actor Factory created Cylinder
[2018.01.08-21.32.18:583][901]LogEditorViewport: Clicking on Actor (LMB): BP_PickupCube_C (BP_PickupCube)
[2018.01.08-21.32.54:287][731]LogSourceControl: Attempting "svn status --show-updates --verbose --xml "D:/MenuGame/MenuGame/Content/VirtualRealityBP/Blueprints/MenuBP/Stone.uasset" --non-interactive --trust-server-cert --username oli --password ********"
[2018.01.08-21.32.54:331][731]LogFactory: FactoryCreateFile: StaticMesh with FbxFactory (0 0 D:/MARELLE/Marelle/Content/Geometry/Meshes/Stone.fbx)
[2018.01.08-21.32.54:350][731]LogFbx: ItemName: GlobalSettings, ItemCount : 1
[2018.01.08-21.32.54:350][731]LogFbx: ItemName: Model, ItemCount : 1
[2018.01.08-21.32.54:350][731]LogFbx: ItemName: Geometry, ItemCount : 1
[2018.01.08-21.32.54:358][731]LogFbx: Loading FBX Scene from D:/MARELLE/Marelle/Content/Geometry/Meshes/Stone.fbx
[2018.01.08-21.32.54:365][731]LogFbx: FBX Scene Loaded Succesfully
[2018.01.08-21.33.03:472][731]LogFbx: Loading FBX Scene from D:/MARELLE/Marelle/Content/Geometry/Meshes/Stone.fbx
[2018.01.08-21.33.03:477][731]LogFbx: FBX Scene Loaded Succesfully
[2018.01.08-21.33.03:479][731]LogFbx: Warning: Triangulating static mesh Solide_Platonicien
[2018.01.08-21.33.03:483][731]LogStaticMesh: Building static mesh Stone...
[2018.01.08-21.33.03:494][731]LogStaticMesh: Built static mesh [0.01s] /Game/VirtualRealityBP/Blueprints/MenuBP/Stone.Stone
[2018.01.08-21.33.03:510][731]FBXImport: Warning: No smoothing group information was found in this FBX scene.  Please make sure to enable the 'Export Smoothing Groups' option in the FBX Exporter plug-in before exporting the file.  Even for tools that don't support smoothing groups, the FBX Exporter will generate appropriate smoothing data at export-time so that correct vertex normals can be inferred while importing. 
[2018.01.08-21.33.03:510][731]FBXImport: Warning: Face material index inconsistency - forcing to 0 
[2018.01.08-21.33.03:510][731]FBXImport: Warning: Face material index inconsistency - forcing to 0 
[2018.01.08-21.33.03:510][731]FBXImport: Warning: Face material index inconsistency - forcing to 0 
[2018.01.08-21.33.03:511][731]FBXImport: Warning: Face material index inconsistency - forcing to 0 
[2018.01.08-21.33.03:511][731]FBXImport: Warning: Face material index inconsistency - forcing to 0 
[2018.01.08-21.33.03:511][731]FBXImport: Warning: Face material index inconsistency - forcing to 0 
[2018.01.08-21.33.03:511][731]FBXImport: Warning: Face material index inconsistency - forcing to 0 
[2018.01.08-21.33.03:511][731]FBXImport: Warning: Face material index inconsistency - forcing to 0 
[2018.01.08-21.33.03:511][731]FBXImport: Warning: Face material index inconsistency - forcing to 0 
[2018.01.08-21.33.03:511][731]FBXImport: Warning: Face material index inconsistency - forcing to 0 
[2018.01.08-21.33.03:511][731]FBXImport: Warning: Face material index inconsistency - forcing to 0 
[2018.01.08-21.33.03:511][731]FBXImport: Warning: Face material index inconsistency - forcing to 0 
[2018.01.08-21.33.03:511][731]FBXImport: Warning: Face material index inconsistency - forcing to 0 
[2018.01.08-21.33.03:511][731]FBXImport: Warning: Face material index inconsistency - forcing to 0 
[2018.01.08-21.33.03:511][731]FBXImport: Warning: Face material index inconsistency - forcing to 0 
[2018.01.08-21.33.03:511][731]FBXImport: Warning: Face material index inconsistency - forcing to 0 
[2018.01.08-21.33.03:511][731]FBXImport: Warning: Face material index inconsistency - forcing to 0 
[2018.01.08-21.33.03:511][731]FBXImport: Warning: Face material index inconsistency - forcing to 0 
[2018.01.08-21.33.03:511][731]FBXImport: Warning: Face material index inconsistency - forcing to 0 
[2018.01.08-21.33.03:511][731]FBXImport: Warning: Face material index inconsistency - forcing to 0 
[2018.01.08-21.33.03:511][731]FBXImport: Warning: Face material index inconsistency - forcing to 0 
[2018.01.08-21.33.03:511][731]FBXImport: Warning: Face material index inconsistency - forcing to 0 
[2018.01.08-21.33.03:511][731]FBXImport: Warning: Face material index inconsistency - forcing to 0 
[2018.01.08-21.33.03:511][731]FBXImport: Warning: Face material index inconsistency - forcing to 0 
[2018.01.08-21.33.03:511][731]FBXImport: Warning: Face material index inconsistency - forcing to 0 
[2018.01.08-21.33.03:511][731]FBXImport: Warning: Face material index inconsistency - forcing to 0 
[2018.01.08-21.33.03:511][731]FBXImport: Warning: Face material index inconsistency - forcing to 0 
[2018.01.08-21.33.03:511][731]FBXImport: Warning: Face material index inconsistency - forcing to 0 
[2018.01.08-21.33.03:511][731]FBXImport: Warning: Face material index inconsistency - forcing to 0 
[2018.01.08-21.33.03:511][731]FBXImport: Warning: Face material index inconsistency - forcing to 0 
[2018.01.08-21.33.03:511][731]FBXImport: Warning: Face material index inconsistency - forcing to 0 
[2018.01.08-21.33.03:511][731]FBXImport: Warning: Face material index inconsistency - forcing to 0 
[2018.01.08-21.33.03:511][731]FBXImport: Warning: Face material index inconsistency - forcing to 0 
[2018.01.08-21.33.03:511][731]FBXImport: Warning: Face material index inconsistency - forcing to 0 
[2018.01.08-21.33.03:511][731]FBXImport: Warning: Face material index inconsistency - forcing to 0 
[2018.01.08-21.33.03:511][731]FBXImport: Warning: Face material index inconsistency - forcing to 0 
[2018.01.08-21.33.03:511][731]FBXImport: Warning: Face material index inconsistency - forcing to 0 
[2018.01.08-21.33.03:511][731]FBXImport: Warning: Face material index inconsistency - forcing to 0 
[2018.01.08-21.33.03:511][731]FBXImport: Warning: Face material index inconsistency - forcing to 0 
[2018.01.08-21.33.03:511][731]FBXImport: Warning: Face material index inconsistency - forcing to 0 
[2018.01.08-21.33.03:511][731]FBXImport: Warning: Face material index inconsistency - forcing to 0 
[2018.01.08-21.33.03:511][731]FBXImport: Warning: Face material index inconsistency - forcing to 0 
[2018.01.08-21.33.03:511][731]FBXImport: Warning: Face material index inconsistency - forcing to 0 
[2018.01.08-21.33.03:512][731]FBXImport: Warning: Face material index inconsistency - forcing to 0 
[2018.01.08-21.33.03:512][731]FBXImport: Warning: Face material index inconsistency - forcing to 0 
[2018.01.08-21.33.03:512][731]FBXImport: Warning: Face material index inconsistency - forcing to 0 
[2018.01.08-21.33.03:512][731]FBXImport: Warning: Face material index inconsistency - forcing to 0 
[2018.01.08-21.33.03:512][731]FBXImport: Warning: Face material index inconsistency - forcing to 0 
[2018.01.08-21.33.03:512][731]FBXImport: Warning: Face material index inconsistency - forcing to 0 
[2018.01.08-21.33.03:512][731]FBXImport: Warning: Face material index inconsistency - forcing to 0 
[2018.01.08-21.33.03:512][731]FBXImport: Warning: Face material index inconsistency - forcing to 0 
[2018.01.08-21.33.03:512][731]FBXImport: Warning: Face material index inconsistency - forcing to 0 
[2018.01.08-21.33.03:512][731]FBXImport: Warning: Face material index inconsistency - forcing to 0 
[2018.01.08-21.33.03:512][731]FBXImport: Warning: Face material index inconsistency - forcing to 0 
[2018.01.08-21.33.03:512][731]FBXImport: Warning: Face material index inconsistency - forcing to 0 
[2018.01.08-21.33.03:512][731]FBXImport: Warning: Face material index inconsistency - forcing to 0 
[2018.01.08-21.33.03:512][731]FBXImport: Warning: Face material index inconsistency - forcing to 0 
[2018.01.08-21.33.03:512][731]FBXImport: Warning: Face material index inconsistency - forcing to 0 
[2018.01.08-21.33.03:512][731]FBXImport: Warning: Face material index inconsistency - forcing to 0 
[2018.01.08-21.33.03:512][731]FBXImport: Warning: Face material index inconsistency - forcing to 0 
[2018.01.08-21.33.03:512][731]FBXImport: Warning: Face material index inconsistency - forcing to 0 
[2018.01.08-21.33.03:512][731]FBXImport: Warning: Face material index inconsistency - forcing to 0 
[2018.01.08-21.33.03:512][731]FBXImport: Warning: Face material index inconsistency - forcing to 0 
[2018.01.08-21.33.03:512][731]FBXImport: Warning: Face material index inconsistency - forcing to 0 
[2018.01.08-21.33.03:512][731]FBXImport: Warning: Face material index inconsistency - forcing to 0 
[2018.01.08-21.33.03:512][731]FBXImport: Warning: Face material index inconsistency - forcing to 0 
[2018.01.08-21.33.03:512][731]FBXImport: Warning: Face material index inconsistency - forcing to 0 
[2018.01.08-21.33.03:512][731]FBXImport: Warning: Face material index inconsistency - forcing to 0 
[2018.01.08-21.33.03:512][731]FBXImport: Warning: Face material index inconsistency - forcing to 0 
[2018.01.08-21.33.03:512][731]FBXImport: Warning: Face material index inconsistency - forcing to 0 
[2018.01.08-21.33.03:512][731]FBXImport: Warning: Face material index inconsistency - forcing to 0 
[2018.01.08-21.33.03:512][731]FBXImport: Warning: Face material index inconsistency - forcing to 0 
[2018.01.08-21.33.03:512][731]FBXImport: Warning: Face material index inconsistency - forcing to 0 
[2018.01.08-21.33.03:512][731]FBXImport: Warning: Face material index inconsistency - forcing to 0 
[2018.01.08-21.33.03:512][731]FBXImport: Warning: Face material index inconsistency - forcing to 0 
[2018.01.08-21.33.03:512][731]FBXImport: Warning: Face material index inconsistency - forcing to 0 
[2018.01.08-21.33.03:512][731]FBXImport: Warning: Face material index inconsistency - forcing to 0 
[2018.01.08-21.33.03:512][731]FBXImport: Warning: Face material index inconsistency - forcing to 0 
[2018.01.08-21.33.03:512][731]FBXImport: Warning: Face material index inconsistency - forcing to 0 
[2018.01.08-21.33.03:512][731]FBXImport: Warning: Face material index inconsistency - forcing to 0 
[2018.01.08-21.33.03:512][731]FBXImport: Warning: Face material index inconsistency - forcing to 0 
[2018.01.08-21.33.03:512][731]FBXImport: Warning: Face material index inconsistency - forcing to 0 
[2018.01.08-21.33.03:512][731]FBXImport: Warning: Face material index inconsistency - forcing to 0 
[2018.01.08-21.33.03:512][731]FBXImport: Warning: Face material index inconsistency - forcing to 0 
[2018.01.08-21.33.03:513][731]FBXImport: Warning: Face material index inconsistency - forcing to 0 
[2018.01.08-21.33.03:513][731]FBXImport: Warning: Face material index inconsistency - forcing to 0 
[2018.01.08-21.33.03:513][731]FBXImport: Warning: Face material index inconsistency - forcing to 0 
[2018.01.08-21.33.03:513][731]FBXImport: Warning: Face material index inconsistency - forcing to 0 
[2018.01.08-21.33.03:513][731]FBXImport: Warning: Face material index inconsistency - forcing to 0 
[2018.01.08-21.33.03:513][731]FBXImport: Warning: Face material index inconsistency - forcing to 0 
[2018.01.08-21.33.03:513][731]FBXImport: Warning: Face material index inconsistency - forcing to 0 
[2018.01.08-21.33.03:513][731]FBXImport: Warning: Face material index inconsistency - forcing to 0 
[2018.01.08-21.33.03:513][731]FBXImport: Warning: Face material index inconsistency - forcing to 0 
[2018.01.08-21.33.03:513][731]FBXImport: Warning: Face material index inconsistency - forcing to 0 
[2018.01.08-21.33.03:513][731]FBXImport: Warning: Face material index inconsistency - forcing to 0 
[2018.01.08-21.33.03:513][731]FBXImport: Warning: Face material index inconsistency - forcing to 0 
[2018.01.08-21.33.03:513][731]FBXImport: Warning: Face material index inconsistency - forcing to 0 
[2018.01.08-21.33.03:513][731]FBXImport: Warning: Face material index inconsistency - forcing to 0 
[2018.01.08-21.33.03:513][731]FBXImport: Warning: Face material index inconsistency - forcing to 0 
[2018.01.08-21.33.03:513][731]FBXImport: Warning: Face material index inconsistency - forcing to 0 
[2018.01.08-21.33.03:513][731]FBXImport: Warning: Face material index inconsistency - forcing to 0 
[2018.01.08-21.33.03:513][731]FBXImport: Warning: Face material index inconsistency - forcing to 0 
[2018.01.08-21.33.03:513][731]FBXImport: Warning: Face material index inconsistency - forcing to 0 
[2018.01.08-21.33.03:513][731]FBXImport: Warning: Face material index inconsistency - forcing to 0 
[2018.01.08-21.33.03:513][731]FBXImport: Warning: Face material index inconsistency - forcing to 0 
[2018.01.08-21.33.03:513][731]FBXImport: Warning: Face material index inconsistency - forcing to 0 
[2018.01.08-21.33.03:513][731]FBXImport: Warning: Face material index inconsistency - forcing to 0 
[2018.01.08-21.33.03:513][731]FBXImport: Warning: Face material index inconsistency - forcing to 0 
[2018.01.08-21.33.03:513][731]FBXImport: Warning: Face material index inconsistency - forcing to 0 
[2018.01.08-21.33.03:513][731]FBXImport: Warning: Face material index inconsistency - forcing to 0 
[2018.01.08-21.33.03:513][731]FBXImport: Warning: Face material index inconsistency - forcing to 0 
[2018.01.08-21.33.03:513][731]FBXImport: Warning: Face material index inconsistency - forcing to 0 
[2018.01.08-21.33.03:513][731]FBXImport: Warning: Face material index inconsistency - forcing to 0 
[2018.01.08-21.33.03:513][731]FBXImport: Warning: Face material index inconsistency - forcing to 0 
[2018.01.08-21.33.03:513][731]FBXImport: Warning: Face material index inconsistency - forcing to 0 
[2018.01.08-21.33.03:513][731]FBXImport: Warning: Face material index inconsistency - forcing to 0 
[2018.01.08-21.33.03:513][731]FBXImport: Warning: Warning: The imported mesh is very small. This is most likely an issue with the units used when exporting to FBX. 
[2018.01.08-21.33.03:603][732]LogSourceControl: Attempting "svn status --show-updates --verbose --xml "D:/MenuGame/MenuGame/Content/VirtualRealityBP/Blueprints/MenuBP/Stone.uasset" --non-interactive --trust-server-cert --username oli --password ********"
[2018.01.08-21.33.04:528][839]LogSourceControl: Attempting "svn status --show-updates --verbose --xml "D:/MenuGame/MenuGame" --non-interactive --trust-server-cert --username oli --password ********"
[2018.01.08-21.33.26:612][337]LogSourceControl: Attempting "svn info "D:/MenuGame/MenuGame/" --xml --non-interactive --trust-server-cert --username oli --password ********"
[2018.01.08-21.33.26:644][337]LogSourceControl: Attempting "svn status --show-updates --verbose --xml "D:/MenuGame/MenuGame/" --non-interactive --trust-server-cert --username oli --password ********"
[2018.01.08-21.33.26:692][337]LogSourceControl: Attempting "svn status --show-updates --verbose --xml "D:/MenuGame/MenuGame/Content/VirtualRealityBP/Blueprints/MenuBP/Stone.uasset" --non-interactive --trust-server-cert --username oli --password ********"
[2018.01.08-21.33.26:745][337]LogSourceControl: Attempting "svn status --show-updates --verbose --xml "D:/MenuGame/MenuGame/Content/VirtualRealityBP/Blueprints/MenuBP/Stone.uasset" --non-interactive --trust-server-cert --username oli --password ********"
[2018.01.08-21.33.26:818][337]LogSourceControl: Attempting "svn status --show-updates --verbose --xml "D:/MenuGame/MenuGame/Content/VirtualRealityBP/Blueprints/MenuBP/Stone.uasset" --non-interactive --trust-server-cert --username oli --password ********"
[2018.01.08-21.33.26:930][337]Cmd: OBJ SAVEPACKAGE PACKAGE="/Game/Geometry/Meshes/Stone" FILE="D:/MenuGame/MenuGame/Content/Geometry/Meshes/Stone.uasset" SILENT=true
[2018.01.08-21.33.26:942][337]LogSavePackage: Save=10.85ms
[2018.01.08-21.33.26:942][337]LogSavePackage: Moving 'D:/MenuGame/MenuGame/Saved/Stone414302884273629DC352FBAC16180BA2.tmp' to 'D:/MenuGame/MenuGame/Content/Geometry/Meshes/Stone.uasset'
[2018.01.08-21.33.26:943][337]LogSavePackage: Display: Finished SavePackage D:/MenuGame/MenuGame/Content/Geometry/Meshes/Stone.uasset
[2018.01.08-21.33.26:958][337]LogSourceControl: Attempting "svn add --force --parents "D:/MenuGame/MenuGame/Content/Geometry/Meshes/Stone.uasset" --non-interactive --trust-server-cert --username oli --password ********"
[2018.01.08-21.33.27:013][337]LogSourceControl: Attempting "svn status --verbose --xml "D:/MenuGame/MenuGame/Content/Geometry/Meshes/Stone.uasset" --non-interactive --trust-server-cert --username oli --password ********"
[2018.01.08-21.33.27:045][337]SourceControl: A  (bin)  D:\MenuGame\MenuGame\Content\Geometry\Meshes\Stone.uasset
[2018.01.08-21.33.27:087][337]LogSourceControl: Attempting "svn status --show-updates --verbose --xml "D:/MenuGame/MenuGame/Content/VirtualRealityBP/Blueprints/MenuBP/Stone.uasset" --non-interactive --trust-server-cert --username oli --password ********"
[2018.01.08-21.33.35:365][252]LogSourceControl: Attempting "svn status --show-updates --verbose --xml "D:/MenuGame/MenuGame" --non-interactive --trust-server-cert --username oli --password ********"
[2018.01.08-21.35.15:488][773]LogSourceControl: Attempting "svn status --show-updates --verbose --xml "D:/MenuGame/MenuGame/Content/VirtualRealityBP/Maps/MenuMap.umap" --non-interactive --trust-server-cert --username oli --password ********"
[2018.01.08-21.35.15:541][773]Cmd: OBJ SAVEPACKAGE PACKAGE="/Game/VirtualRealityBP/Maps/MenuMap" FILE="D:/MenuGame/MenuGame/Content/VirtualRealityBP/Maps/MenuMap.umap" SILENT=true AUTOSAVING=false KEEPDIRTY=false
[2018.01.08-21.35.15:790][773]LogSavePackage: Save=220.33ms
[2018.01.08-21.35.15:790][773]LogSavePackage: Moving 'D:/MenuGame/MenuGame/Saved/MenuMap0E0FFF554E4F25E4FCC75AA0C8902262.tmp' to 'D:/MenuGame/MenuGame/Content/VirtualRealityBP/Maps/MenuMap.umap'
[2018.01.08-21.35.15:791][773]LogSavePackage: Display: Finished SavePackage D:/MenuGame/MenuGame/Content/VirtualRealityBP/Maps/MenuMap.umap
[2018.01.08-21.35.18:453][ 68]LogSourceControl: Attempting "svn status --show-updates --verbose --xml "D:/MenuGame/MenuGame/Content/VirtualRealityBP/Blueprints/MenuBP/BP_StartButton.uasset" --non-interactive --trust-server-cert --username oli --password ********"
[2018.01.08-21.35.18:573][ 68]Cmd: OBJ SAVEPACKAGE PACKAGE="/Game/VirtualRealityBP/Blueprints/MenuBP/BP_StartButton" FILE="D:/MenuGame/MenuGame/Content/VirtualRealityBP/Blueprints/MenuBP/BP_StartButton.uasset" SILENT=true
[2018.01.08-21.35.18:617][ 68]LogSavePackage: Save=32.15ms
[2018.01.08-21.35.18:617][ 68]LogSavePackage: Moving 'D:/MenuGame/MenuGame/Saved/BP_StartButtonEE5878DD4FF2E91376763BB40C5FDC64.tmp' to 'D:/MenuGame/MenuGame/Content/VirtualRealityBP/Blueprints/MenuBP/BP_StartButton.uasset'
[2018.01.08-21.35.18:620][ 68]LogSavePackage: Display: Finished SavePackage D:/MenuGame/MenuGame/Content/VirtualRealityBP/Blueprints/MenuBP/BP_StartButton.uasset
[2018.01.08-21.35.28:118][148]LogSourceControl: Attempting "svn status --show-updates --verbose --xml "C:/Program Files/Epic Games/UE_4.18/Engine/Content/" "D:/MenuGame/MenuGame/Content/" "D:/MenuGame/MenuGame/Config/" "D:/MenuGame/MenuGame/MenuGame.uproject" --non-interactive --trust-server-cert --username oli --password ********"
[2018.01.08-21.35.28:165][153]SourceControl: svn: warning: W155007: 'C:\Program Files\Epic Games\UE_4.18\Engine\Content' is not a working copy
[2018.01.08-21.35.48:457][153]LogSourceControl: Attempting "svn status --show-updates --verbose --xml "D:/MenuGame/MenuGame" --non-interactive --trust-server-cert --username oli --password ********"
[2018.01.08-21.35.48:532][153]LogSourceControl: Attempting "svn revert "D:/MenuGame/MenuGame/Config/DefaultGame.ini" "D:/MenuGame/MenuGame/Content/Collections/MenuFoot.uasset" "D:/MenuGame/MenuGame/Content/VirtualReality/Materials/M_Buttonplastic.uasset" --non-interactive --trust-server-cert --username oli --password ********"
[2018.01.08-21.35.49:039][153]LogSourceControl: Attempting "svn unlock "D:/MenuGame/MenuGame/Config/DefaultGame.ini" "D:/MenuGame/MenuGame/Content/Collections/MenuFoot.uasset" "D:/MenuGame/MenuGame/Content/VirtualReality/Materials/M_Buttonplastic.uasset" --non-interactive --trust-server-cert --username oli --password ********"
[2018.01.08-21.35.49:124][153]LogSourceControl: Attempting "svn status --verbose --show-updates --xml "D:/MenuGame/MenuGame/Config/DefaultGame.ini" "D:/MenuGame/MenuGame/Content/Collections/MenuFoot.uasset" "D:/MenuGame/MenuGame/Content/VirtualReality/Materials/M_Buttonplastic.uasset" --non-interactive --trust-server-cert --username oli --password ********"
[2018.01.08-21.35.49:188][153]SourceControl: 'Config\DefaultGame.ini' unlocked.
[2018.01.08-21.35.49:188][153]SourceControl: 'Content\Collections\MenuFoot.uasset' unlocked.
[2018.01.08-21.35.49:188][153]SourceControl: 'Content\VirtualReality\Materials\M_Buttonplastic.uasset' unlocked.
[2018.01.08-21.35.49:206][153]LogSourceControl: Attempting "svn add --force --parents "D:/MenuGame/MenuGame/Config/DefaultEditor.ini" --non-interactive --trust-server-cert --username oli --password ********"
[2018.01.08-21.35.49:250][153]LogSourceControl: Attempting "svn status --verbose --xml "D:/MenuGame/MenuGame/Config/DefaultEditor.ini" --non-interactive --trust-server-cert --username oli --password ********"
[2018.01.08-21.35.49:282][153]SourceControl: A         D:\MenuGame\MenuGame\Config\DefaultEditor.ini
[2018.01.08-21.35.49:315][153]LogSourceControl: Attempting "svn status --verbose --show-updates --xml "D:/MenuGame/MenuGame/Config" --non-interactive --trust-server-cert --username oli --password ********"
[2018.01.08-21.35.49:358][153]LogSourceControl: Attempting "svn status --verbose --show-updates --xml "D:/MenuGame/MenuGame/Config" --non-interactive --trust-server-cert --username oli --password ********"
[2018.01.08-21.35.49:506][153]LogSourceControl: Attempting "svn status --verbose --show-updates --xml "D:/MenuGame/MenuGame/Content/Geometry/Meshes" --non-interactive --trust-server-cert --username oli --password ********"
[2018.01.08-21.35.49:558][153]LogSourceControl: Attempting "svn status --verbose --show-updates --xml "D:/MenuGame/MenuGame/Content/VirtualRealityBP/Blueprints" --non-interactive --trust-server-cert --username oli --password ********"
[2018.01.08-21.35.49:612][153]LogSourceControl: Attempting "svn status --verbose --show-updates --xml "D:/MenuGame/MenuGame/Content/VirtualRealityBP/Blueprints/MenuBP" --non-interactive --trust-server-cert --username oli --password ********"
[2018.01.08-21.35.49:656][153]LogSourceControl: Attempting "svn status --verbose --show-updates --xml "D:/MenuGame/MenuGame/Content/VirtualRealityBP/Blueprints/MenuBP" --non-interactive --trust-server-cert --username oli --password ********"
[2018.01.08-21.35.49:804][153]LogSourceControl: Attempting "svn status --verbose --show-updates --xml "D:/MenuGame/MenuGame/Content/VirtualRealityBP/Blueprints/MenuBP" --non-interactive --trust-server-cert --username oli --password ********"
[2018.01.08-21.35.49:858][153]LogSourceControl: Attempting "svn status --verbose --show-updates --xml "D:/MenuGame/MenuGame/Content/VirtualRealityBP/Maps" --non-interactive --trust-server-cert --username oli --password ********"
[2018.01.08-21.35.49:913][153]LogSourceControl: Attempting "svn status --verbose --show-updates --xml "D:/MenuGame/MenuGame/Config/DefaultEditor.ini" "D:/MenuGame/MenuGame/Config/DefaultEngine.ini" "D:/MenuGame/MenuGame/Content/Geometry/Meshes/Stone.uasset" "D:/MenuGame/MenuGame/Content/VirtualRealityBP/Blueprints/BP_MotionController.uasset" "D:/MenuGame/MenuGame/Content/VirtualRealityBP/Blueprints/MenuBP/BP_ButtonParent.uasset" "D:/MenuGame/MenuGame/Content/VirtualRealityBP/Blueprints/MenuBP/BP_QuitButton.uasset" "D:/MenuGame/MenuGame/Content/VirtualRealityBP/Blueprints/MenuBP/BP_StartButton.uasset" "D:/MenuGame/MenuGame/Content/VirtualRealityBP/Maps/MenuMap.umap" --non-interactive --trust-server-cert --username oli --password ********"
[2018.01.08-21.35.49:978][153]LogSourceControl: Attempting "svn commit --file "D:/MenuGame/MenuGame/Saved/Logs/SVN-Temp223F7CC0412452ABD88D5D959373C551.txt" --encoding utf-8 --targets "D:/MenuGame/MenuGame/Saved/Logs/SVN-Temp3F12F1AF4E63AEB085EBB19D2A71F7E5.txt" --non-interactive --trust-server-cert --username oli --password ********"
[2018.01.08-21.35.51:079][153]LogSourceControl: Attempting "svn status --verbose --show-updates --xml "D:/MenuGame/MenuGame/Config/DefaultEditor.ini" "D:/MenuGame/MenuGame/Config/DefaultEngine.ini" "D:/MenuGame/MenuGame/Content/Geometry/Meshes/Stone.uasset" "D:/MenuGame/MenuGame/Content/VirtualRealityBP/Blueprints/BP_MotionController.uasset" "D:/MenuGame/MenuGame/Content/VirtualRealityBP/Blueprints/MenuBP/BP_ButtonParent.uasset" "D:/MenuGame/MenuGame/Content/VirtualRealityBP/Blueprints/MenuBP/BP_QuitButton.uasset" "D:/MenuGame/MenuGame/Content/VirtualRealityBP/Blueprints/MenuBP/BP_StartButton.uasset" "D:/MenuGame/MenuGame/Content/VirtualRealityBP/Maps/MenuMap.umap" --non-interactive --trust-server-cert --username oli --password ********"
[2018.01.08-21.35.51:132][153]SourceControl: Adding         D:\MenuGame\MenuGame\Config\DefaultEditor.ini
[2018.01.08-21.35.51:132][153]SourceControl: Sending        D:\MenuGame\MenuGame\Config\DefaultEngine.ini
[2018.01.08-21.35.51:132][153]SourceControl: Adding  (bin)  D:\MenuGame\MenuGame\Content\Geometry\Meshes\Stone.uasset
[2018.01.08-21.35.51:132][153]SourceControl: Sending        D:\MenuGame\MenuGame\Content\VirtualRealityBP\Blueprints\BP_MotionController.uasset
[2018.01.08-21.35.51:132][153]SourceControl: Sending        D:\MenuGame\MenuGame\Content\VirtualRealityBP\Blueprints\MenuBP\BP_ButtonParent.uasset
[2018.01.08-21.35.51:132][153]SourceControl: Sending        D:\MenuGame\MenuGame\Content\VirtualRealityBP\Blueprints\MenuBP\BP_QuitButton.uasset
[2018.01.08-21.35.51:132][153]SourceControl: Sending        D:\MenuGame\MenuGame\Content\VirtualRealityBP\Blueprints\MenuBP\BP_StartButton.uasset
[2018.01.08-21.35.51:132][153]SourceControl: Sending        D:\MenuGame\MenuGame\Content\VirtualRealityBP\Maps\MenuMap.umap
[2018.01.08-21.35.51:133][153]SourceControl: Transmitting file data ........done
[2018.01.08-21.35.51:133][153]SourceControl: Committing transaction...
[2018.01.08-21.35.51:133][153]SourceControl: Committed revision 8.
[2018.01.08-21.35.51:160][153]SourceControl: Submitted revision 8.
[2018.01.08-21.40.56:869][678]LogSourceControl: Attempting "svn status --show-updates --verbose --xml "D:/MenuGame/MenuGame" --non-interactive --trust-server-cert --username oli --password ********"
[2018.01.08-21.41.07:604][895]LogLinker: Warning: Can't find file '/Game/StarterContent/Materials/M_Concrete_Poured'
[2018.01.08-21.41.07:605][895]LogLinker: Warning: Can't find file for asset '/Game/StarterContent/Materials/M_Concrete_Poured' while loading D:/MenuGame/MenuGame/Content/VirtualRealityBP/Blueprints/JumpSpaces1.uasset.
[2018.01.08-21.41.07:605][895]LoadErrors: Error: /Game/VirtualRealityBP/Blueprints/JumpSpaces1 : Can't find file for asset. /Game/StarterContent/Materials/M_Concrete_Poured
[2018.01.08-21.41.07:605][895]LogLinker: Warning: Can't find file '/Game/StarterContent/Materials/M_Concrete_Poured'
[2018.01.08-21.41.07:606][895]LogLinker: Warning: Can't find file for asset '/Game/StarterContent/Materials/M_Concrete_Poured' while loading D:/MenuGame/MenuGame/Content/VirtualRealityBP/Blueprints/JumpSpaces1.uasset.
[2018.01.08-21.41.07:606][895]LogLinker: Warning: Can't find file '/Game/StarterContent/Materials/M_Concrete_Poured'
[2018.01.08-21.41.07:607][895]LogLinker: Warning: Can't find file for asset '/Game/StarterContent/Materials/M_Concrete_Poured' while loading NULL.
[2018.01.08-21.41.07:607][895]LogLinker: Warning: Can't find file '/Game/StarterContent/Materials/M_Concrete_Poured'
[2018.01.08-21.41.07:607][895]LogLinker: Warning: Can't find file for asset '/Game/StarterContent/Materials/M_Concrete_Poured' while loading NULL.
[2018.01.08-21.41.07:608][895]LogLinker: Warning: Can't find file '/Game/StarterContent/Materials/M_Concrete_Poured'
[2018.01.08-21.41.07:608][895]LoadErrors: Failed to load /Game/StarterContent/Materials/M_Concrete_Poured.M_Concrete_Poured Referenced by Terre_GEN_VARIABLE
[2018.01.08-21.41.07:608][895]LogLinker: Warning: Can't find file for asset '/Game/StarterContent/Materials/M_Concrete_Poured' while loading NULL.
[2018.01.08-21.41.07:608][895]LogLinker: Warning: Can't find file '/Game/StarterContent/Materials/M_Concrete_Poured'
[2018.01.08-21.41.07:609][895]LoadErrors: Failed to load /Game/StarterContent/Materials/M_Concrete_Poured.M_Concrete_Poured Referenced by Zone1_GEN_VARIABLE
[2018.01.08-21.41.07:609][895]LogLinker: Warning: Can't find file for asset '/Game/StarterContent/Materials/M_Concrete_Poured' while loading NULL.
[2018.01.08-21.41.07:609][895]LogLinker: Warning: Can't find file '/Game/StarterContent/Materials/M_Concrete_Poured'
[2018.01.08-21.41.07:609][895]LoadErrors: Failed to load /Game/StarterContent/Materials/M_Concrete_Poured.M_Concrete_Poured Referenced by Zone2_GEN_VARIABLE
[2018.01.08-21.41.07:609][895]LogLinker: Warning: Can't find file for asset '/Game/StarterContent/Materials/M_Concrete_Poured' while loading NULL.
[2018.01.08-21.41.07:609][895]LogLinker: Warning: Can't find file '/Game/StarterContent/Materials/M_Concrete_Poured'
[2018.01.08-21.41.07:609][895]LoadErrors: Failed to load /Game/StarterContent/Materials/M_Concrete_Poured.M_Concrete_Poured Referenced by Zone3_GEN_VARIABLE
[2018.01.08-21.41.07:609][895]LogLinker: Warning: Can't find file for asset '/Game/StarterContent/Materials/M_Concrete_Poured' while loading NULL.
[2018.01.08-21.41.07:610][895]LogLinker: Warning: Can't find file '/Game/StarterContent/Materials/M_Concrete_Poured'
[2018.01.08-21.41.07:610][895]LoadErrors: Failed to load /Game/StarterContent/Materials/M_Concrete_Poured.M_Concrete_Poured Referenced by Zone4_GEN_VARIABLE
[2018.01.08-21.41.07:610][895]LogLinker: Warning: Can't find file for asset '/Game/StarterContent/Materials/M_Concrete_Poured' while loading NULL.
[2018.01.08-21.41.07:610][895]LogLinker: Warning: Can't find file '/Game/StarterContent/Materials/M_Concrete_Poured'
[2018.01.08-21.41.07:610][895]LoadErrors: Failed to load /Game/StarterContent/Materials/M_Concrete_Poured.M_Concrete_Poured Referenced by Zone5_GEN_VARIABLE
[2018.01.08-21.41.07:610][895]LogLinker: Warning: Can't find file for asset '/Game/StarterContent/Materials/M_Concrete_Poured' while loading NULL.
[2018.01.08-21.41.07:611][895]LogLinker: Warning: Can't find file '/Game/StarterContent/Materials/M_Concrete_Poured'
[2018.01.08-21.41.07:611][895]LoadErrors: Failed to load /Game/StarterContent/Materials/M_Concrete_Poured.M_Concrete_Poured Referenced by Zone6_GEN_VARIABLE
[2018.01.08-21.41.07:611][895]LogLinker: Warning: Can't find file for asset '/Game/StarterContent/Materials/M_Concrete_Poured' while loading NULL.
[2018.01.08-21.41.07:611][895]LogLinker: Warning: Can't find file '/Game/StarterContent/Materials/M_Concrete_Poured'
[2018.01.08-21.41.07:611][895]LoadErrors: Failed to load /Game/StarterContent/Materials/M_Concrete_Poured.M_Concrete_Poured Referenced by Zone7_GEN_VARIABLE
[2018.01.08-21.41.07:611][895]LogLinker: Warning: Can't find file for asset '/Game/StarterContent/Materials/M_Concrete_Poured' while loading NULL.
[2018.01.08-21.41.07:611][895]LogLinker: Warning: Can't find file '/Game/StarterContent/Materials/M_Concrete_Poured'
[2018.01.08-21.41.07:612][895]LoadErrors: Failed to load /Game/StarterContent/Materials/M_Concrete_Poured.M_Concrete_Poured Referenced by Zone8_GEN_VARIABLE
[2018.01.08-21.41.07:612][895]LogLinker: Warning: Can't find file for asset '/Game/StarterContent/Materials/M_Concrete_Poured' while loading NULL.
[2018.01.08-21.41.07:612][895]LogLinker: Warning: Can't find file '/Game/StarterContent/Materials/M_Concrete_Poured'
[2018.01.08-21.41.07:612][895]LoadErrors: Failed to load /Game/StarterContent/Materials/M_Concrete_Poured.M_Concrete_Poured Referenced by Ciel_GEN_VARIABLE
[2018.01.08-21.41.07:612][895]LogLinker: Warning: Can't find file for asset '/Game/StarterContent/Materials/M_Concrete_Poured' while loading NULL.
[2018.01.08-21.51.18:181][483]LogInit: XAudio2 using 'SAMSUNG (Périphérique High Definition Audio)' : 2 channels at 44.1 kHz using 16 bits per sample (channel mask 0x3)
[2018.01.08-21.51.59:565][914]LogAudio: Warning: Current Audio Device with ID {0.0.0.00000000}.{f6c8e25c-0464-4419-b423-81baf9b838d8} was removed. Shutting down audio device.
[2018.01.08-21.51.59:565][914]LogInit: XAudio2 using 'Main Output (Komplete Audio 6 WDM Audio)' : 2 channels at 48 kHz using 32 bits per sample (channel mask 0x3)
[2018.01.08-21.53.34:887][277]LogInit: XAudio2 using 'SAMSUNG (Périphérique High Definition Audio)' : 2 channels at 44.1 kHz using 16 bits per sample (channel mask 0x3)
